TN:
SF:/Users/yudayu/hx-ui/src/hx/modules/utils.js
FN:1,(anonymous_0)
FN:5,(anonymous_1)
FN:10,(anonymous_2)
FN:13,(anonymous_3)
FN:18,(anonymous_4)
FNF:5
FNH:3
FNDA:8,(anonymous_0)
FNDA:0,(anonymous_1)
FNDA:1,(anonymous_2)
FNDA:0,(anonymous_3)
FNDA:8,(anonymous_4)
DA:1,1
DA:5,8
DA:6,0
DA:10,1
DA:11,1
DA:13,0
DA:14,0
DA:16,1
DA:18,1
DA:19,8
LF:10
LH:7
BRDA:1,0,0,0
BRDA:5,1,0,8
BRDA:5,1,1,8
BRDA:10,2,0,0
BRDA:11,3,0,0
BRDA:11,3,1,1
BRDA:16,4,0,1
BRDA:16,4,1,0
BRF:8
BRH:4
end_of_record
TN:
SF:/Users/yudayu/hx-ui/src/common/mixins/input.js
FNF:0
FNH:0
DA:1,1
DA:6,0
DA:9,2
DA:12,1
LF:4
LH:3
BRF:0
BRH:0
end_of_record
TN:
SF:/Users/yudayu/hx-ui/src/components/input/input.vue
FNF:0
FNH:0
DA:49,1
DA:50,1
DA:51,1
DA:52,1
DA:101,1
DA:116,1
DA:117,1
DA:118,0
DA:120,1
DA:123,1
DA:124,1
DA:125,1
DA:127,1
DA:130,1
DA:133,0
DA:134,0
DA:137,0
DA:150,0
DA:154,0
DA:158,1
DA:165,1
DA:173,1
DA:174,1
DA:176,0
DA:180,1
DA:181,1
DA:183,0
DA:188,0
DA:189,0
DA:192,0
DA:193,0
DA:196,0
DA:197,0
DA:198,0
DA:201,0
LF:35
LH:19
BRDA:117,0,0,0
BRDA:117,0,1,1
BRDA:117,1,0,1
BRDA:117,1,1,0
BRDA:117,1,2,0
BRDA:123,2,0,1
BRDA:123,2,1,0
BRDA:123,2,2,0
BRDA:123,2,3,0
BRDA:124,3,0,1
BRDA:124,3,1,0
BRDA:124,4,0,1
BRDA:124,4,1,1
BRDA:130,5,0,1
BRDA:130,5,1,0
BRDA:130,5,2,0
BRDA:134,6,0,0
BRDA:134,6,1,0
BRDA:137,7,0,0
BRDA:137,7,1,0
BRDA:173,8,0,1
BRDA:173,8,1,0
BRDA:180,9,0,1
BRDA:180,9,1,0
BRF:24
BRH:9
end_of_record
TN:
SF:/Users/yudayu/hx-ui/example/components/cube-page.vue
FNF:0
FNH:0
DA:39,0
LF:1
LH:0
BRF:0
BRH:0
end_of_record
TN:
SF:/Users/yudayu/hx-ui/example/components/cube-button-group.vue
FNF:0
FNH:0
LF:0
LH:0
BRF:0
BRH:0
end_of_record
TN:
SF:/Users/yudayu/hx-ui/src/hx/components/input/HxInputFoundation.vue
FN:47,(anonymous_0)
FN:50,(anonymous_1)
FN:58,(anonymous_2)
FN:66,(anonymous_3)
FN:169,(anonymous_4)
FN:193,(anonymous_5)
FN:197,(anonymous_6)
FN:200,(anonymous_7)
FNF:8
FNH:0
FNDA:0,(anonymous_0)
FNDA:0,(anonymous_1)
FNDA:0,(anonymous_2)
FNDA:0,(anonymous_3)
FNDA:0,(anonymous_4)
FNDA:0,(anonymous_5)
FNDA:0,(anonymous_6)
FNDA:0,(anonymous_7)
DA:47,1
DA:50,0
DA:86,0
DA:89,0
DA:92,0
DA:94,0
DA:96,0
DA:136,0
DA:141,0
DA:145,0
DA:151,0
DA:152,0
DA:153,0
DA:158,0
DA:161,0
DA:163,0
DA:164,0
DA:165,0
DA:166,0
DA:168,0
DA:169,0
DA:170,0
DA:171,0
DA:173,0
DA:174,0
DA:175,0
DA:176,0
DA:177,0
DA:182,0
DA:183,0
DA:184,0
DA:186,0
DA:191,0
DA:192,0
DA:193,0
DA:194,0
DA:198,0
DA:199,0
DA:200,0
DA:201,0
DA:202,0
DA:203,0
DA:204,0
DA:205,0
DA:206,0
DA:207,0
DA:209,0
DA:214,0
DA:215,0
DA:221,0
DA:225,0
DA:226,0
LF:52
LH:1
BRDA:89,0,0,0
BRDA:89,0,1,0
BRDA:92,1,0,0
BRDA:92,1,1,0
BRDA:92,2,0,0
BRDA:92,2,1,0
BRDA:92,2,2,0
BRDA:136,3,0,0
BRDA:136,3,1,0
BRDA:136,4,0,0
BRDA:136,4,1,0
BRDA:145,5,0,0
BRDA:145,5,1,0
BRDA:146,6,0,0
BRDA:146,6,1,0
BRDA:152,7,0,0
BRDA:152,7,1,0
BRDA:165,8,0,0
BRDA:165,8,1,0
BRDA:174,9,0,0
BRDA:174,9,1,0
BRDA:204,10,0,0
BRDA:204,10,1,0
BRDA:214,11,0,0
BRDA:214,11,1,0
BRF:25
BRH:0
end_of_record
TN:
SF:/Users/yudayu/hx-ui/src/hx/components/input/HxInputPhone.vue
FN:46,(anonymous_0)
FNF:1
FNH:0
FNDA:0,(anonymous_0)
DA:17,1
DA:29,0
DA:45,0
DA:46,0
DA:47,0
DA:48,0
DA:51,0
DA:55,0
DA:56,0
DA:57,0
DA:58,0
DA:59,0
DA:60,0
DA:61,0
DA:63,0
DA:69,0
LF:16
LH:1
BRDA:45,0,0,0
BRDA:45,0,1,0
BRDA:46,1,0,0
BRDA:46,1,1,0
BRDA:56,2,0,0
BRDA:56,2,1,0
BRDA:59,3,0,0
BRDA:59,3,1,0
BRDA:59,4,0,0
BRDA:59,4,1,0
BRF:10
BRH:0
end_of_record
TN:
SF:/Users/yudayu/hx-ui/src/hx/components/input/HxInputEmail.vue
FNF:0
FNH:0
DA:18,1
DA:29,0
DA:35,0
DA:36,0
DA:37,0
DA:38,0
DA:39,0
DA:40,0
DA:42,0
DA:46,0
LF:10
LH:1
BRDA:35,0,0,0
BRDA:35,0,1,0
BRDA:38,1,0,0
BRDA:38,1,1,0
BRF:4
BRH:0
end_of_record
TN:
SF:/Users/yudayu/hx-ui/src/hx/components/input/HxInputIdcard.vue
FNF:0
FNH:0
DA:17,1
DA:28,0
DA:34,0
DA:35,0
DA:36,0
DA:37,0
DA:38,0
DA:39,0
DA:40,0
DA:42,0
DA:46,0
LF:11
LH:1
BRDA:35,0,0,0
BRDA:35,0,1,0
BRDA:38,1,0,0
BRDA:38,1,1,0
BRDA:38,2,0,0
BRDA:38,2,1,0
BRF:6
BRH:0
end_of_record
TN:
SF:/Users/yudayu/hx-ui/src/hx/components/input/HxInputAddress.vue
FNF:0
FNH:0
DA:17,1
DA:28,0
DA:34,0
DA:35,0
DA:36,0
DA:37,0
DA:38,0
DA:39,0
DA:40,0
DA:42,0
DA:46,0
LF:11
LH:1
BRDA:35,0,0,0
BRDA:35,0,1,0
BRDA:38,1,0,0
BRDA:38,1,1,0
BRF:4
BRH:0
end_of_record
TN:
SF:/Users/yudayu/hx-ui/src/hx/components/input/HxInputAccount.vue
FNF:0
FNH:0
DA:18,1
DA:29,0
DA:37,0
DA:38,0
DA:40,0
DA:43,0
DA:46,0
DA:47,0
DA:48,0
DA:49,0
DA:50,0
DA:51,0
DA:52,0
DA:54,0
DA:58,0
LF:15
LH:1
BRDA:37,0,0,0
BRDA:37,0,1,0
BRDA:47,1,0,0
BRDA:47,1,1,0
BRDA:50,2,0,0
BRDA:50,2,1,0
BRF:6
BRH:0
end_of_record
TN:
SF:/Users/yudayu/hx-ui/src/hx/components/input/HxInputAccountName.vue
FNF:0
FNH:0
DA:17,1
DA:28,0
DA:34,0
DA:35,0
DA:36,0
DA:37,0
DA:38,0
DA:39,0
DA:40,0
DA:42,0
DA:46,0
LF:11
LH:1
BRDA:35,0,0,0
BRDA:35,0,1,0
BRDA:38,1,0,0
BRDA:38,1,1,0
BRF:4
BRH:0
end_of_record
TN:
SF:/Users/yudayu/hx-ui/src/hx/components/input/HxInputPhoneverification.vue
FNF:0
FNH:0
DA:17,1
DA:28,0
DA:34,0
DA:35,0
DA:36,0
DA:37,0
DA:38,0
DA:39,0
DA:40,0
DA:42,0
DA:46,0
DA:47,0
LF:12
LH:1
BRDA:35,0,0,0
BRDA:35,0,1,0
BRDA:38,1,0,0
BRDA:38,1,1,0
BRF:4
BRH:0
end_of_record
TN:
SF:/Users/yudayu/hx-ui/src/hx/modules/index.js
FNF:0
FNH:0
DA:14,1
DA:28,1
LF:2
LH:2
BRF:0
BRH:0
end_of_record
TN:
SF:/Users/yudayu/hx-ui/src/common/mixins/visibility.js
FN:27,(anonymous_0)
FNF:1
FNH:1
FNDA:324,(anonymous_0)
DA:1,1
DA:15,282
DA:23,118
DA:27,282
DA:28,324
DA:29,25
DA:30,299
DA:31,19
DA:39,46
DA:42,25
LF:10
LH:10
BRDA:28,0,0,25
BRDA:28,0,1,299
BRDA:30,1,0,19
BRDA:30,1,1,280
BRDA:30,2,0,299
BRDA:30,2,1,19
BRF:6
BRH:6
end_of_record
TN:
SF:/Users/yudayu/hx-ui/src/common/mixins/popup.js
FNF:0
FNH:0
LF:0
LH:0
BRF:0
BRH:0
end_of_record
TN:
SF:/Users/yudayu/hx-ui/src/components/popup/popup.vue
FNF:0
FNH:0
DA:19,1
DA:20,1
DA:49,93
DA:52,93
DA:53,91
DA:55,93
DA:58,93
DA:59,93
DA:60,93
DA:61,1
DA:65,92
DA:66,19
DA:74,3
DA:75,3
DA:76,1
LF:15
LH:15
BRDA:52,0,0,91
BRDA:52,0,1,2
BRDA:60,1,0,1
BRDA:60,1,1,92
BRDA:65,2,0,19
BRDA:65,2,1,73
BRDA:75,3,0,1
BRDA:75,3,1,2
BRF:8
BRH:8
end_of_record
TN:
SF:/Users/yudayu/hx-ui/src/locale/lang/zh-CN.js
FNF:0
FNH:0
LF:0
LH:0
BRF:0
BRH:0
end_of_record
TN:
SF:/Users/yudayu/hx-ui/src/common/helpers/debug.js
FN:1,(anonymous_0)
FN:9,(anonymous_1)
FNF:2
FNH:2
FNDA:1,(anonymous_0)
FNDA:9,(anonymous_1)
DA:1,1
DA:3,1
DA:9,1
DA:10,9
DA:11,9
DA:12,9
LF:6
LH:6
BRDA:3,0,0,0
BRDA:10,1,0,9
BRDA:10,1,1,0
BRDA:11,2,0,4
BRDA:11,2,1,5
BRF:5
BRH:3
end_of_record
TN:
SF:/Users/yudayu/hx-ui/src/common/lang/string.js
FN:2,camelize
FN:4,(anonymous_1)
FN:9,kebab
FNF:3
FNH:3
FNDA:20,camelize
FNDA:9,(anonymous_1)
FNDA:4,kebab
DA:1,1
DA:3,20
DA:4,20
DA:5,9
DA:10,4
DA:11,4
LF:6
LH:6
BRDA:5,0,0,9
BRDA:5,0,1,0
BRF:2
BRH:1
end_of_record
TN:
SF:/Users/yudayu/hx-ui/src/common/helpers/util.js
FN:3,findIndex
FN:21,deepAssign
FN:31,createAddAPI
FN:32,add
FN:42,judgeTypeFnCreator
FN:44,isType
FN:70,resetTypeValue
FN:79,(anonymous_7)
FN:85,parallel
FN:92,(anonymous_9)
FN:93,(anonymous_10)
FN:104,cb2PromiseWithResolve
FN:108,(anonymous_12)
FN:109,(anonymous_13)
FN:119,debounce
FN:123,(anonymous_15)
FN:130,(anonymous_16)
FN:141,(anonymous_17)
FN:149,(anonymous_18)
FN:157,processComponentName
FN:168,parsePath
FNF:21
FNH:18
FNDA:84,findIndex
FNDA:18,deepAssign
FNDA:2,createAddAPI
FNDA:3,add
FNDA:6,judgeTypeFnCreator
FNDA:2362,isType
FNDA:6,resetTypeValue
FNDA:0,(anonymous_7)
FNDA:61,parallel
FNDA:74,(anonymous_9)
FNDA:74,(anonymous_10)
FNDA:90,cb2PromiseWithResolve
FNDA:90,(anonymous_12)
FNDA:88,(anonymous_13)
FNDA:1,debounce
FNDA:1,(anonymous_15)
FNDA:3,(anonymous_16)
FNDA:1,(anonymous_17)
FNDA:0,(anonymous_18)
FNDA:0,processComponentName
FNDA:1949,parsePath
DA:4,84
DA:5,84
DA:22,18
DA:23,10
DA:24,9
DA:26,1
DA:32,2
DA:33,3
DA:34,3
DA:38,3
DA:43,6
DA:44,6
DA:45,2362
DA:49,1
DA:51,6
DA:54,3
DA:57,1
DA:60,1
DA:63,0
DA:64,0
DA:66,0
DA:71,6
DA:72,1
DA:74,5
DA:75,5
DA:76,5
DA:77,5
DA:79,0
DA:80,0
DA:86,61
DA:87,61
DA:88,61
DA:89,61
DA:90,1
DA:92,60
DA:93,74
DA:94,74
DA:95,74
DA:96,74
DA:98,60
DA:106,90
DA:107,90
DA:108,90
DA:109,90
DA:110,88
DA:111,88
DA:114,90
DA:116,90
DA:121,1
DA:123,1
DA:124,1
DA:125,1
DA:126,1
DA:130,1
DA:131,3
DA:132,2
DA:134,3
DA:135,0
DA:136,0
DA:137,0
DA:138,0
DA:141,3
DA:142,1
DA:146,3
DA:149,1
DA:150,0
DA:151,0
DA:154,1
DA:158,0
DA:159,0
DA:160,0
DA:162,0
DA:165,0
DA:169,1949
DA:170,1949
DA:171,1949
DA:172,1949
DA:174,1949
DA:178,1949
DA:181,1949
DA:184,1
DA:185,1
DA:186,1
DA:187,1
DA:188,1
DA:189,1
LF:86
LH:70
BRDA:4,0,0,84
BRDA:4,0,1,0
BRDA:23,1,0,9
BRDA:23,1,1,1
BRDA:23,2,0,10
BRDA:23,2,1,6
BRDA:33,3,0,3
BRDA:33,3,1,0
BRDA:63,4,0,0
BRDA:63,4,1,0
BRDA:71,5,0,1
BRDA:71,5,1,5
BRDA:74,6,0,5
BRDA:74,6,1,0
BRDA:77,7,0,5
BRDA:77,7,1,5
BRDA:89,8,0,1
BRDA:89,8,1,60
BRDA:96,9,0,60
BRDA:96,9,1,14
BRDA:106,10,0,90
BRDA:106,10,1,0
BRDA:110,11,0,88
BRDA:110,11,1,39
BRDA:125,12,0,1
BRDA:125,12,1,0
BRDA:131,13,0,2
BRDA:131,13,1,1
BRDA:134,14,0,0
BRDA:134,14,1,3
BRDA:137,15,0,0
BRDA:137,15,1,0
BRDA:157,16,0,0
BRDA:157,17,0,0
BRDA:157,18,0,0
BRDA:162,19,0,0
BRDA:168,20,0,0
BRDA:174,21,0,1949
BRF:38
BRH:23
end_of_record
TN:
SF:/Users/yudayu/hx-ui/src/common/lang/date.js
FN:5,formatType
FN:27,pad
FN:31,formatDate
FN:70,getZeroStamp
FN:77,getDayDiff
FN:81,getNow
FN:85,computeNatureMaxDay
FNF:7
FNH:7
FNDA:4146,formatType
FNDA:605,pad
FNDA:65,formatDate
FNDA:136,getZeroStamp
FNDA:53,getDayDiff
FNDA:31,getNow
FNDA:1471,computeNatureMaxDay
DA:1,1
DA:2,1
DA:3,1
DA:6,4146
DA:17,4146
DA:18,3763
DA:21,3763
DA:24,4146
DA:28,605
DA:32,65
DA:63,65
DA:64,520
DA:67,65
DA:71,136
DA:72,136
DA:73,136
DA:74,136
DA:78,53
DA:82,31
DA:86,1471
DA:87,1471
DA:88,860
DA:90,611
DA:91,120
DA:95,1471
LF:25
LH:25
BRDA:17,0,0,3763
BRDA:17,0,1,383
BRDA:18,1,0,146
BRDA:18,1,1,3617
BRDA:20,2,0,3280
BRDA:20,2,1,337
BRDA:82,3,0,31
BRDA:82,3,1,0
BRDA:82,4,0,31
BRDA:82,4,1,31
BRDA:87,5,0,860
BRDA:87,5,1,611
BRDA:90,6,0,120
BRDA:90,6,1,491
BRDA:91,7,0,32
BRDA:91,7,1,88
BRDA:91,8,0,120
BRDA:91,8,1,120
BRDA:91,8,2,120
BRDA:91,8,3,32
BRF:20
BRH:19
end_of_record
TN:
SF:/Users/yudayu/hx-ui/src/common/locale/index.js
FNF:0
FNH:0
DA:8,1
DA:10,1
DA:13,228
DA:14,1
DA:15,1
DA:16,1
DA:17,1
DA:20,15
DA:21,15
DA:23,15
DA:24,1
DA:33,1
DA:34,1
DA:36,1
DA:37,1
DA:43,2
DA:47,2
LF:17
LH:17
BRDA:13,0,0,227
BRDA:13,0,1,1
BRDA:23,1,0,1
BRDA:23,1,1,14
BRDA:33,2,0,0
BRDA:33,2,1,1
BRDA:36,3,0,1
BRDA:43,4,0,2
BRF:8
BRH:7
end_of_record
TN:
SF:/Users/yudayu/hx-ui/src/common/mixins/locale.js
FN:17,(anonymous_0)
FNF:1
FNH:1
FNDA:1949,(anonymous_0)
DA:5,1
DA:11,71
DA:12,71
DA:13,71
DA:14,0
DA:15,0
DA:17,71
DA:18,1949
DA:23,218
LF:9
LH:7
BRDA:13,0,0,0
BRDA:13,0,1,71
BRF:2
BRH:1
end_of_record
TN:
SF:/Users/yudayu/hx-ui/src/components/action-sheet/action-sheet.vue
FNF:0
FNH:0
DA:42,1
DA:43,1
DA:44,1
DA:53,2
DA:79,7
DA:84,0
DA:87,2
DA:88,2
DA:91,2
DA:92,2
LF:10
LH:9
BRDA:79,0,0,7
BRDA:79,0,1,7
BRDA:84,1,0,0
BRDA:84,1,1,0
BRF:4
BRH:2
end_of_record
TN:
SF:/Users/yudayu/hx-ui/src/common/helpers/create-api.js
FN:3,createAPI
FNF:1
FNH:1
FNDA:17,createAPI
DA:4,17
DA:5,17
DA:6,17
LF:3
LH:3
BRF:0
BRH:0
end_of_record
TN:
SF:/Users/yudayu/hx-ui/src/modules/action-sheet/api.js
FN:3,addActionSheet
FNF:1
FNH:1
FNDA:1,addActionSheet
DA:4,1
LF:1
LH:1
BRF:0
BRH:0
end_of_record
TN:
SF:/Users/yudayu/hx-ui/src/modules/action-sheet/index.js
FN:5,(anonymous_0)
FNF:1
FNH:1
FNDA:1,(anonymous_0)
DA:5,1
DA:6,1
DA:7,1
DA:8,1
LF:4
LH:4
BRF:0
BRH:0
end_of_record
TN:
SF:/Users/yudayu/hx-ui/src/common/helpers/instantiate-component.js
FNF:0
FNH:0
DA:2,1
LF:1
LH:1
BRF:0
BRH:0
end_of_record
TN:
SF:/Users/yudayu/hx-ui/src/components/button/button.vue
FNF:0
FNH:0
DA:13,1
DA:52,19
DA:65,9
DA:66,1
DA:67,1
DA:68,1
DA:70,8
LF:7
LH:7
BRDA:58,0,0,19
BRDA:58,0,1,1
BRDA:65,1,0,1
BRDA:65,1,1,8
BRF:4
BRH:4
end_of_record
TN:
SF:/Users/yudayu/hx-ui/src/modules/button/index.js
FN:3,(anonymous_0)
FNF:1
FNH:1
FNDA:1,(anonymous_0)
DA:3,1
DA:4,1
LF:2
LH:2
BRF:0
BRH:0
end_of_record
TN:
SF:/Users/yudayu/hx-ui/src/common/mixins/basic-picker.js
FNF:0
FNH:0
DA:1,1
DA:12,5
DA:18,9
DA:24,108
DA:30,59
DA:33,105
DA:36,105
DA:39,140
DA:45,30
LF:9
LH:9
BRDA:30,0,0,59
BRDA:30,0,1,58
BRDA:33,1,0,105
BRDA:33,1,1,103
BRF:4
BRH:4
end_of_record
TN:
SF:/Users/yudayu/hx-ui/src/common/mixins/picker.js
FNF:0
FNH:0
DA:28,153
DA:31,153
LF:2
LH:2
BRDA:28,0,0,153
BRDA:28,0,1,53
BRDA:31,1,0,153
BRDA:31,1,1,53
BRF:4
BRH:4
end_of_record
TN:
SF:/Users/yudayu/hx-ui/src/components/picker/picker.vue
FN:134,(anonymous_0)
FN:165,(anonymous_1)
FN:167,(anonymous_2)
FN:182,(anonymous_3)
FN:206,(anonymous_4)
FN:220,(anonymous_5)
FN:221,(anonymous_6)
FN:237,(anonymous_7)
FN:249,(anonymous_8)
FN:255,(anonymous_9)
FN:267,(anonymous_10)
FNF:11
FNH:8
FNDA:21,(anonymous_0)
FNDA:3,(anonymous_1)
FNDA:5,(anonymous_2)
FNDA:1,(anonymous_3)
FNDA:1,(anonymous_4)
FNDA:0,(anonymous_5)
FNDA:0,(anonymous_6)
FNDA:5,(anonymous_7)
FNDA:0,(anonymous_8)
FNDA:28,(anonymous_9)
FNDA:42,(anonymous_10)
DA:53,1
DA:55,1
DA:56,1
DA:57,1
DA:58,1
DA:70,63
DA:75,63
DA:76,63
DA:80,16
DA:81,1
DA:83,15
DA:85,15
DA:86,15
DA:88,15
DA:89,15
DA:92,15
DA:93,14
DA:94,14
DA:97,15
DA:98,28
DA:99,28
DA:101,28
DA:102,28
DA:103,28
DA:104,27
DA:105,27
DA:107,28
DA:108,27
DA:110,28
DA:111,28
DA:114,15
DA:116,15
DA:117,14
DA:121,0
DA:124,6
DA:125,6
DA:128,25
DA:129,0
DA:132,25
DA:133,25
DA:134,21
DA:135,21
DA:136,21
DA:137,21
DA:138,45
DA:139,45
DA:141,21
DA:142,21
DA:145,4
DA:146,5
DA:147,5
DA:152,32
DA:153,10
DA:155,22
DA:157,22
DA:158,41
DA:162,20
DA:163,20
DA:164,20
DA:165,3
DA:166,3
DA:167,3
DA:168,5
DA:169,5
DA:171,3
DA:174,17
DA:178,1
DA:179,1
DA:180,0
DA:182,1
DA:183,1
DA:185,1
DA:188,1
DA:189,1
DA:190,1
DA:191,1
DA:192,1
DA:193,1
DA:194,1
DA:195,1
DA:196,1
DA:197,1
DA:198,1
DA:199,5
DA:200,0
DA:201,0
DA:205,1
DA:206,1
DA:208,1
DA:209,1
DA:212,1
DA:215,2
DA:216,2
DA:217,2
DA:220,0
DA:221,0
DA:222,0
DA:227,51
DA:228,42
DA:237,42
DA:238,5
DA:241,9
DA:243,51
DA:246,13
DA:247,13
DA:248,0
DA:249,0
DA:250,0
DA:255,16
DA:256,28
DA:260,282
DA:261,267
DA:263,15
DA:267,63
DA:268,42
DA:270,63
LF:116
LH:105
BRDA:80,0,0,1
BRDA:80,0,1,15
BRDA:92,1,0,14
BRDA:92,1,1,1
BRDA:94,2,0,14
BRDA:94,2,1,0
BRDA:103,3,0,27
BRDA:103,3,1,1
BRDA:107,4,0,27
BRDA:107,4,1,1
BRDA:116,5,0,14
BRDA:116,5,1,1
BRDA:121,6,0,0
BRDA:121,6,1,0
BRDA:128,7,0,0
BRDA:128,7,1,25
BRDA:133,8,0,21
BRDA:133,8,1,4
BRDA:133,9,0,25
BRDA:133,9,1,5
BRDA:135,10,0,21
BRDA:135,10,1,20
BRDA:141,11,0,21
BRDA:141,11,1,10
BRDA:152,12,0,10
BRDA:152,12,1,22
BRDA:162,13,0,20
BRDA:162,13,1,0
BRDA:164,14,0,3
BRDA:164,14,1,17
BRDA:179,15,0,0
BRDA:179,15,1,1
BRDA:190,16,0,1
BRDA:190,16,1,0
BRDA:192,17,0,1
BRDA:192,17,1,0
BRDA:192,18,0,1
BRDA:192,18,1,1
BRDA:196,19,0,1
BRDA:196,19,1,0
BRDA:199,20,0,0
BRDA:199,20,1,5
BRDA:227,21,0,42
BRDA:227,21,1,9
BRDA:230,22,0,42
BRDA:230,22,1,33
BRDA:247,23,0,0
BRDA:247,23,1,13
BRDA:255,24,0,16
BRDA:255,24,1,15
BRDA:260,25,0,267
BRDA:260,25,1,15
BRDA:267,26,0,63
BRDA:267,26,1,20
BRF:54
BRH:43
end_of_record
TN:
SF:/Users/yudayu/hx-ui/src/components/cascade-picker/cascade-picker.vue
FN:82,(anonymous_0)
FNF:1
FNH:1
FNDA:1535,(anonymous_0)
DA:29,1
DA:30,1
DA:31,1
DA:32,1
DA:44,47
DA:52,47
DA:56,14
DA:57,14
DA:58,14
DA:59,14
DA:62,7
DA:65,3
DA:68,4
DA:69,1
DA:70,1
DA:74,4
DA:77,61
DA:78,61
DA:79,61
DA:80,170
DA:81,170
DA:82,170
DA:83,1535
DA:89,170
DA:91,170
DA:95,170
DA:97,170
DA:100,61
DA:101,0
DA:104,61
LF:30
LH:29
BRDA:55,0,0,0
BRDA:68,1,0,1
BRDA:68,1,1,3
BRDA:70,2,0,1
BRDA:70,2,1,0
BRDA:76,3,0,61
BRDA:80,4,0,170
BRDA:80,4,1,0
BRDA:91,5,0,170
BRDA:91,5,1,0
BRDA:92,6,0,157
BRDA:92,6,1,13
BRDA:92,7,0,157
BRDA:92,7,1,138
BRDA:95,8,0,160
BRDA:95,8,1,10
BRDA:100,9,0,0
BRDA:100,9,1,61
BRF:18
BRH:13
end_of_record
TN:
SF:/Users/yudayu/hx-ui/src/modules/cascade-picker/api.js
FN:4,addCascadePicker
FN:6,(anonymous_1)
FNF:2
FNH:2
FNDA:3,addCascadePicker
FNDA:1,(anonymous_1)
DA:5,3
DA:6,3
DA:7,1
DA:8,1
LF:4
LH:4
BRDA:7,0,0,1
BRDA:7,0,1,0
BRF:2
BRH:1
end_of_record
TN:
SF:/Users/yudayu/hx-ui/src/modules/picker/api.js
FN:4,addPicker
FN:6,(anonymous_1)
FNF:2
FNH:2
FNDA:6,addPicker
FNDA:4,(anonymous_1)
DA:5,6
DA:6,6
DA:7,4
DA:8,1
LF:4
LH:4
BRDA:7,0,0,1
BRDA:7,0,1,3
BRF:2
BRH:2
end_of_record
TN:
SF:/Users/yudayu/hx-ui/src/modules/cascade-picker/index.js
FN:7,(anonymous_0)
FNF:1
FNH:1
FNDA:1,(anonymous_0)
DA:7,1
DA:8,1
DA:9,1
DA:10,1
DA:11,1
DA:12,1
DA:15,1
LF:7
LH:7
BRF:0
BRH:0
end_of_record
TN:
SF:/Users/yudayu/hx-ui/example/data/cascade.js
FNF:0
FNH:0
DA:1,1
LF:1
LH:1
BRF:0
BRH:0
end_of_record
TN:
SF:/Users/yudayu/hx-ui/src/components/checkbox/checkbox.vue
FNF:0
FNH:0
DA:15,1
DA:17,1
DA:18,1
DA:19,1
DA:37,22
DA:56,22
DA:57,22
DA:58,22
DA:59,22
DA:66,22
DA:67,22
DA:68,22
DA:69,22
DA:70,22
DA:75,0
DA:76,0
DA:82,22
DA:86,22
DA:87,16
DA:89,6
DA:93,7
DA:94,7
DA:95,7
DA:96,7
DA:97,7
DA:98,6
DA:103,22
DA:111,22
DA:112,12
DA:116,22
DA:119,22
DA:122,22
LF:32
LH:30
BRDA:58,0,0,22
BRDA:58,0,1,16
BRDA:58,0,2,12
BRDA:69,1,0,22
BRDA:69,1,1,0
BRDA:75,2,0,0
BRDA:75,2,1,0
BRDA:86,3,0,16
BRDA:86,3,1,6
BRDA:94,4,0,4
BRDA:94,4,1,3
BRDA:94,5,0,7
BRDA:94,5,1,6
BRDA:95,6,0,4
BRDA:95,6,1,3
BRDA:97,7,0,6
BRDA:97,7,1,1
BRDA:98,8,0,6
BRDA:98,8,1,0
BRDA:111,9,0,12
BRDA:111,9,1,10
BRDA:111,10,0,22
BRDA:111,10,1,16
BRDA:116,11,0,22
BRDA:116,11,1,22
BRDA:119,12,0,0
BRDA:119,12,1,22
BRDA:122,13,0,0
BRDA:122,13,1,22
BRF:29
BRH:23
end_of_record
TN:
SF:/Users/yudayu/hx-ui/src/common/helpers/env.js
FNF:0
FNH:0
DA:2,1
DA:3,1
DA:4,1
LF:3
LH:3
BRDA:3,0,0,1
BRDA:3,0,1,1
BRDA:4,1,0,1
BRDA:4,1,1,1
BRF:4
BRH:4
end_of_record
TN:
SF:/Users/yudayu/hx-ui/src/common/helpers/dom.js
FN:3,hasClass
FN:8,addClass
FN:19,removeClass
FN:29,getData
FN:34,getRect
FN:43,(anonymous_5)
FN:67,prefixStyle
FN:83,getMatchedTarget
FN:94,dispatchEvent
FNF:9
FNH:9
FNDA:7,hasClass
FNDA:2,addClass
FNDA:2,removeClass
FNDA:3,getData
FNDA:331,getRect
FNDA:1,(anonymous_5)
FNDA:11,prefixStyle
FNDA:3,getMatchedTarget
FNDA:3,dispatchEvent
DA:4,7
DA:5,7
DA:10,2
DA:14,2
DA:15,2
DA:16,2
DA:21,2
DA:25,2
DA:26,2
DA:30,3
DA:31,3
DA:35,331
DA:43,1
DA:45,1
DA:48,1
DA:49,1
DA:57,1
DA:58,2
DA:59,1
DA:69,11
DA:73,11
DA:74,0
DA:75,0
DA:77,0
DA:80,11
DA:84,3
DA:86,3
DA:87,0
DA:88,0
DA:91,3
DA:95,3
DA:96,3
DA:97,3
LF:33
LH:28
BRDA:10,0,0,2
BRDA:21,1,0,2
BRDA:45,2,0,1
BRDA:58,3,0,1
BRDA:58,3,1,1
BRDA:69,4,0,11
BRDA:73,5,0,0
BRDA:73,5,1,11
BRDA:74,6,0,0
BRDA:74,6,1,0
BRDA:86,7,0,3
BRDA:86,7,1,3
BRDA:87,8,0,0
BRDA:87,8,1,0
BRDA:94,9,0,3
BRDA:94,10,0,3
BRDA:94,11,0,3
BRDA:94,12,0,3
BRF:18
BRH:13
end_of_record
TN:
SF:/Users/yudayu/hx-ui/src/common/mixins/group-col.js
FN:16,(anonymous_0)
FN:18,(anonymous_1)
FNF:2
FNH:0
FNDA:0,(anonymous_0)
FNDA:0,(anonymous_1)
DA:2,1
DA:15,8
DA:16,0
DA:17,0
DA:18,0
DA:19,0
LF:6
LH:2
BRDA:15,0,0,8
BRDA:15,0,1,0
BRF:2
BRH:1
end_of_record
TN:
SF:/Users/yudayu/hx-ui/src/components/checkbox-group/checkbox-group.vue
FN:83,(anonymous_0)
FN:89,(anonymous_1)
FNF:2
FNH:2
FNDA:4,(anonymous_0)
FNDA:2,(anonymous_1)
DA:19,1
DA:20,1
DA:21,1
DA:22,1
DA:49,4
DA:62,4
DA:69,4
DA:70,3
DA:78,4
DA:83,4
DA:84,4
DA:85,3
DA:87,4
DA:89,4
DA:90,2
DA:91,1
DA:92,1
DA:94,2
LF:18
LH:18
BRDA:69,0,0,3
BRDA:69,0,1,1
BRDA:69,1,0,4
BRDA:69,1,1,1
BRDA:84,2,0,3
BRDA:84,2,1,1
BRDA:90,3,0,1
BRDA:90,3,1,1
BRF:8
BRH:8
end_of_record
TN:
SF:/Users/yudayu/hx-ui/src/modules/checkbox-group/index.js
FN:4,(anonymous_0)
FNF:1
FNH:1
FNDA:1,(anonymous_0)
DA:4,1
DA:5,1
DA:6,1
DA:9,1
LF:4
LH:4
BRF:0
BRH:0
end_of_record
TN:
SF:/Users/yudayu/hx-ui/src/modules/checkbox/index.js
FN:3,(anonymous_0)
FNF:1
FNH:1
FNDA:1,(anonymous_0)
DA:3,1
DA:4,1
LF:2
LH:2
BRF:0
BRH:0
end_of_record
TN:
SF:/Users/yudayu/hx-ui/src/components/checker/checker-item.vue
FNF:0
FNH:0
DA:13,1
DA:28,25
DA:29,25
DA:30,25
DA:31,25
DA:34,15
DA:39,5
DA:40,1
DA:42,4
LF:9
LH:9
BRDA:31,0,0,15
BRDA:31,0,1,10
BRDA:39,1,0,1
BRDA:39,1,1,4
BRF:4
BRH:4
end_of_record
TN:
SF:/Users/yudayu/hx-ui/src/components/checker/checker.vue
FNF:0
FNH:0
DA:13,1
DA:14,1
DA:38,3
DA:43,3
DA:49,3
DA:54,2
DA:57,2
DA:62,4
DA:63,1
DA:65,3
DA:69,1
DA:72,3
DA:73,3
DA:74,3
DA:75,3
DA:76,3
DA:78,3
DA:80,3
DA:81,1
DA:83,2
LF:20
LH:20
BRDA:62,0,0,1
BRDA:62,0,1,3
BRDA:80,1,0,1
BRDA:80,1,1,2
BRDA:81,2,0,1
BRDA:81,2,1,1
BRDA:83,3,0,2
BRDA:83,3,1,2
BRF:8
BRH:8
end_of_record
TN:
SF:/Users/yudayu/hx-ui/src/modules/checker/index.js
FN:4,(anonymous_0)
FNF:1
FNH:1
FNDA:1,(anonymous_0)
DA:4,1
DA:5,1
DA:6,1
DA:9,1
LF:4
LH:4
BRF:0
BRH:0
end_of_record
TN:
SF:/Users/yudayu/hx-ui/src/components/date-picker/date-picker.vue
FN:124,(anonymous_0)
FN:160,(anonymous_1)
FN:198,(anonymous_2)
FN:250,dateToArray
FNF:4
FNH:4
FNDA:3,(anonymous_0)
FNDA:140,(anonymous_1)
FNDA:1881,(anonymous_2)
FNDA:36,dateToArray
DA:27,1
DA:28,1
DA:29,1
DA:30,1
DA:32,1
DA:33,1
DA:56,1
DA:72,6
DA:78,6
DA:84,10
DA:94,10
DA:100,10
DA:106,10
DA:112,11
DA:113,11
DA:115,11
DA:118,1
DA:124,1
DA:125,3
DA:128,1
DA:131,11
DA:132,11
DA:135,13
DA:140,12
DA:145,12
DA:150,14
DA:151,14
DA:152,14
DA:155,15
DA:156,15
DA:159,15
DA:160,44
DA:161,140
DA:163,44
DA:164,44
DA:167,15
DA:172,2
DA:175,1
DA:178,1
DA:181,1661
DA:182,14
DA:183,14
DA:184,14
DA:186,1647
DA:187,1618
DA:188,1618
DA:189,1618
DA:191,1618
DA:192,1618
DA:194,29
DA:197,1661
DA:198,159
DA:199,1881
DA:204,2
DA:205,2
DA:207,2
DA:208,12
DA:209,2
DA:210,10
DA:211,5
DA:213,5
DA:217,2
DA:219,2
DA:222,1635
DA:223,11
DA:225,1635
DA:226,1635
DA:227,1428
DA:229,207
DA:230,207
DA:231,207
DA:232,3626
DA:238,3626
DA:239,3626
DA:240,3626
DA:242,3626
DA:244,207
DA:245,207
DA:251,36
LF:79
LH:79
BRDA:132,0,0,0
BRDA:132,0,1,11
BRDA:135,1,0,12
BRDA:135,1,1,1
BRDA:140,2,0,11
BRDA:140,2,1,1
BRDA:145,3,0,11
BRDA:145,3,1,1
BRDA:159,4,0,59
BRDA:159,4,1,44
BRDA:161,5,0,140
BRDA:161,5,1,140
BRDA:163,6,0,39
BRDA:163,6,1,5
BRDA:164,7,0,44
BRDA:164,7,1,44
BRDA:181,8,0,14
BRDA:181,8,1,1647
BRDA:182,9,0,13
BRDA:182,9,1,1
BRDA:183,10,0,13
BRDA:183,10,1,1
BRDA:186,11,0,1618
BRDA:186,11,1,29
BRDA:186,12,0,1647
BRDA:186,12,1,31
BRDA:186,12,2,30
BRDA:187,13,0,1471
BRDA:187,13,1,147
BRDA:188,14,0,27
BRDA:188,14,1,1591
BRDA:189,15,0,27
BRDA:189,15,1,1591
BRDA:191,16,0,1618
BRDA:191,16,1,145
BRDA:191,16,2,145
BRDA:191,16,3,145
BRDA:197,17,0,159
BRDA:197,17,1,1502
BRDA:197,18,0,1661
BRDA:197,18,1,159
BRDA:198,19,0,159
BRDA:198,19,1,14
BRDA:199,20,0,1881
BRDA:199,20,1,239
BRDA:199,20,2,237
BRDA:199,20,3,1647
BRDA:208,21,0,2
BRDA:208,21,1,10
BRDA:210,22,0,5
BRDA:210,22,1,5
BRDA:221,23,0,17
BRDA:222,24,0,11
BRDA:222,24,1,1624
BRDA:226,25,0,1428
BRDA:226,25,1,207
BRDA:238,26,0,38
BRDA:238,26,1,3588
BRDA:238,27,0,3626
BRDA:238,27,1,634
BRDA:239,28,0,36
BRDA:239,28,1,3590
BRDA:239,29,0,3626
BRDA:239,29,1,606
BRDA:240,30,0,1468
BRDA:240,30,1,2158
BRF:66
BRH:65
end_of_record
TN:
SF:/Users/yudayu/hx-ui/src/modules/date-picker/api.js
FN:4,addDatePicker
FN:6,(anonymous_1)
FNF:2
FNH:2
FNDA:1,addDatePicker
FNDA:1,(anonymous_1)
DA:5,1
DA:6,1
DA:7,1
DA:8,1
LF:4
LH:4
BRDA:7,0,0,1
BRDA:7,0,1,0
BRF:2
BRH:1
end_of_record
TN:
SF:/Users/yudayu/hx-ui/src/modules/date-picker/index.js
FN:9,(anonymous_0)
FNF:1
FNH:1
FNDA:1,(anonymous_0)
DA:9,1
DA:10,1
DA:11,1
DA:12,1
DA:13,1
DA:14,1
DA:15,1
DA:16,1
DA:19,1
DA:20,1
DA:21,1
LF:11
LH:11
BRF:0
BRH:0
end_of_record
TN:
SF:/Users/yudayu/hx-ui/src/components/dialog/dialog.vue
FN:65,(anonymous_0)
FN:150,(anonymous_1)
FNF:2
FNH:1
FNDA:15,(anonymous_0)
FNDA:0,(anonymous_1)
DA:47,1
DA:48,1
DA:49,1
DA:50,1
DA:52,1
DA:53,1
DA:59,1
DA:65,1
DA:66,15
DA:67,1
DA:71,15
DA:72,15
DA:86,8
DA:111,7
DA:119,7
DA:126,9
DA:133,9
DA:136,6
DA:139,9
DA:142,9
DA:145,9
DA:151,0
DA:157,0
DA:160,3
DA:161,1
DA:163,2
DA:164,2
DA:167,3
DA:168,1
DA:170,2
DA:171,2
DA:174,2
DA:175,2
LF:33
LH:31
BRDA:66,0,0,1
BRDA:66,0,1,14
BRDA:71,1,0,15
BRDA:71,1,1,15
BRDA:157,2,0,0
BRDA:157,2,1,0
BRDA:160,3,0,1
BRDA:160,3,1,2
BRDA:167,4,0,1
BRDA:167,4,1,2
BRF:10
BRH:8
end_of_record
TN:
SF:/Users/yudayu/hx-ui/src/modules/dialog/api.js
FN:3,addDialog
FNF:1
FNH:1
FNDA:1,addDialog
DA:4,1
LF:1
LH:1
BRF:0
BRH:0
end_of_record
TN:
SF:/Users/yudayu/hx-ui/src/modules/dialog/index.js
FN:6,(anonymous_0)
FNF:1
FNH:1
FNDA:1,(anonymous_0)
DA:6,1
DA:7,1
DA:8,1
DA:9,1
DA:10,1
DA:13,1
LF:6
LH:6
BRF:0
BRH:0
end_of_record
TN:
SF:/Users/yudayu/hx-ui/src/components/loading/loading.vue
FNF:0
FNH:0
DA:9,1
DA:14,14
DA:25,14
DA:26,13
DA:28,1
DA:29,1
LF:6
LH:6
BRDA:25,0,0,13
BRDA:25,0,1,1
BRF:2
BRH:2
end_of_record
TN:
SF:/Users/yudayu/hx-ui/src/components/bubble/bubble.vue
FNF:0
FNH:0
DA:14,3
DA:21,7
DA:24,3
DA:28,3
DA:29,3
DA:30,3
DA:31,3
DA:32,3
DA:33,3
DA:34,3
DA:35,3
DA:36,3
DA:37,3
DA:38,3
DA:39,3
DA:40,3
DA:44,3
DA:48,7
DA:49,7
DA:50,7
DA:52,7
DA:54,7
DA:57,7
DA:58,7
DA:60,7
DA:61,7
DA:63,7
DA:66,7
DA:69,7
DA:70,7
DA:75,7
DA:79,7
DA:84,7
DA:87,7
DA:90,7
DA:94,7
DA:98,7
DA:100,7
DA:101,7
DA:102,7
DA:103,7
DA:104,7
DA:107,7
DA:108,7
DA:110,7
DA:111,7
DA:114,7
DA:117,7
DA:119,7
DA:120,7
DA:122,7
DA:124,7
DA:125,7
DA:126,7
DA:127,7
DA:128,7
DA:133,4
LF:57
LH:57
BRF:0
BRH:0
end_of_record
TN:
SF:/Users/yudayu/hx-ui/src/common/mixins/scroll.js
FNF:0
FNH:0
DA:7,44
LF:1
LH:1
BRF:0
BRH:0
end_of_record
TN:
SF:/Users/yudayu/hx-ui/src/common/mixins/deprecated.js
FN:10,(anonymous_0)
FNF:1
FNH:1
FNDA:662,(anonymous_0)
DA:7,75
DA:8,75
DA:10,75
DA:11,662
DA:13,662
DA:14,4
DA:20,75
LF:7
LH:7
BRDA:13,0,0,4
BRDA:13,0,1,658
BRDA:13,1,0,662
BRDA:13,1,1,150
BRF:4
BRH:4
end_of_record
TN:
SF:/Users/yudayu/hx-ui/src/components/scroll/scroll.vue
FN:113,(anonymous_0)
FN:200,(anonymous_1)
FN:250,(anonymous_2)
FN:332,(anonymous_3)
FN:333,(anonymous_4)
FN:340,(anonymous_5)
FN:344,(anonymous_6)
FN:346,(anonymous_7)
FN:356,(anonymous_8)
FN:364,(anonymous_9)
FN:441,(anonymous_10)
FN:464,(anonymous_11)
FN:481,(anonymous_12)
FN:482,(anonymous_13)
FN:489,(anonymous_14)
FN:490,(anonymous_15)
FN:507,(anonymous_16)
FNF:17
FNH:17
FNDA:587,(anonymous_0)
FNDA:8,(anonymous_1)
FNDA:53,(anonymous_2)
FNDA:20,(anonymous_3)
FNDA:553,(anonymous_4)
FNDA:2,(anonymous_5)
FNDA:4,(anonymous_6)
FNDA:3,(anonymous_7)
FNDA:4,(anonymous_8)
FNDA:4,(anonymous_9)
FNDA:4,(anonymous_10)
FNDA:7,(anonymous_11)
FNDA:1,(anonymous_12)
FNDA:1,(anonymous_13)
FNDA:1,(anonymous_14)
FNDA:1,(anonymous_15)
FNDA:2,(anonymous_16)
DA:59,1
DA:60,1
DA:61,1
DA:62,1
DA:63,1
DA:65,1
DA:66,1
DA:67,1
DA:69,1
DA:70,1
DA:71,1
DA:73,1
DA:74,1
DA:76,1
DA:78,1
DA:91,53
DA:104,28
DA:110,38
DA:113,490
DA:114,587
DA:147,53
DA:161,58
DA:162,58
DA:163,54
DA:165,4
DA:166,3
DA:168,4
DA:171,58
DA:174,9
DA:175,9
DA:176,9
DA:177,9
DA:179,9
DA:182,4
DA:183,4
DA:186,45
DA:188,45
DA:189,33
DA:190,33
DA:192,45
DA:195,45
DA:200,8
DA:201,8
DA:206,5
DA:207,2
DA:208,2
DA:209,1
DA:210,1
DA:214,5
DA:215,1
DA:216,1
DA:217,1
DA:224,5
DA:225,1
DA:226,1
DA:227,1
DA:228,1
DA:232,5
DA:233,1
DA:234,1
DA:235,1
DA:250,53
DA:251,53
DA:255,53
DA:259,53
DA:260,8
DA:262,45
DA:264,45
DA:270,45
DA:272,45
DA:274,45
DA:276,45
DA:277,2
DA:278,2
DA:281,45
DA:282,5
DA:283,5
DA:287,1
DA:290,1
DA:293,46
DA:294,46
DA:297,54
DA:298,54
DA:301,31
DA:304,11
DA:307,2
DA:310,10
DA:311,0
DA:314,10
DA:315,1
DA:316,1
DA:317,1
DA:318,1
DA:319,1
DA:320,9
DA:321,2
DA:322,2
DA:323,2
DA:326,10
DA:329,1
DA:332,45
DA:333,20
DA:334,553
DA:340,2
DA:341,2
DA:342,2
DA:343,2
DA:344,2
DA:346,4
DA:347,3
DA:348,3
DA:353,3
DA:356,4
DA:357,4
DA:358,4
DA:359,4
DA:360,4
DA:364,2
DA:366,4
DA:367,1
DA:370,3
DA:371,1
DA:374,2
DA:375,2
DA:376,1
DA:377,1
DA:379,1
DA:380,1
DA:381,1
DA:383,1
DA:385,2
DA:390,2
DA:391,2
DA:392,2
DA:393,2
DA:394,2
DA:395,2
DA:396,2
DA:398,2
DA:399,0
DA:402,2
DA:403,0
DA:407,2
DA:408,0
DA:409,2
DA:410,2
DA:412,2
DA:415,102
DA:416,102
DA:417,102
DA:418,102
DA:420,102
DA:421,26
DA:422,26
DA:423,26
DA:426,3
DA:430,102
DA:433,3
DA:434,3
DA:437,1
DA:438,1
DA:441,4
DA:442,4
DA:443,4
DA:447,2
DA:448,0
DA:450,2
DA:451,2
DA:452,2
DA:455,132
DA:456,4
DA:457,4
DA:459,128
DA:460,128
DA:464,7
DA:465,7
DA:466,7
DA:470,6
DA:473,1
DA:476,5
DA:477,5
DA:480,1
DA:481,1
DA:482,1
DA:483,1
DA:484,1
DA:489,1
DA:490,1
DA:491,1
DA:492,1
DA:493,1
DA:498,4
DA:499,4
DA:500,2
DA:502,2
DA:503,2
DA:505,2
DA:506,2
DA:507,2
DA:508,2
DA:510,2
DA:511,2
DA:515,7
DA:516,7
DA:517,7
DA:518,2
DA:519,2
DA:521,5
LF:208
LH:203
BRDA:162,0,0,54
BRDA:162,0,1,4
BRDA:165,1,0,3
BRDA:165,1,1,1
BRDA:175,2,0,9
BRDA:175,2,1,9
BRDA:176,3,0,9
BRDA:176,3,1,3
BRDA:176,3,2,6
BRDA:177,4,0,9
BRDA:177,4,1,3
BRDA:177,4,2,6
BRDA:179,5,0,2
BRDA:179,5,1,7
BRDA:183,6,0,4
BRDA:183,6,1,4
BRDA:183,6,2,3
BRDA:188,7,0,33
BRDA:188,7,1,12
BRDA:189,8,0,33
BRDA:189,8,1,1
BRDA:190,9,0,33
BRDA:190,9,1,1
BRDA:195,10,0,45
BRDA:195,10,1,32
BRDA:206,11,0,2
BRDA:206,11,1,3
BRDA:208,12,0,1
BRDA:208,12,1,1
BRDA:214,13,0,1
BRDA:214,13,1,4
BRDA:214,14,0,5
BRDA:214,14,1,3
BRDA:224,15,0,1
BRDA:224,15,1,4
BRDA:226,16,0,1
BRDA:226,16,1,0
BRDA:232,17,0,1
BRDA:232,17,1,4
BRDA:232,18,0,5
BRDA:232,18,1,4
BRDA:259,19,0,8
BRDA:259,19,1,45
BRDA:267,20,0,18
BRDA:267,20,1,27
BRDA:272,21,0,45
BRDA:272,21,1,6
BRDA:272,21,2,2
BRDA:276,22,0,2
BRDA:276,22,1,43
BRDA:281,23,0,5
BRDA:281,23,1,40
BRDA:287,24,0,1
BRDA:287,24,1,0
BRDA:290,25,0,1
BRDA:290,25,1,0
BRDA:294,26,0,46
BRDA:294,26,1,35
BRDA:297,27,0,54
BRDA:297,27,1,45
BRDA:301,28,0,31
BRDA:301,28,1,30
BRDA:304,29,0,11
BRDA:304,29,1,10
BRDA:309,30,0,0
BRDA:309,31,0,8
BRDA:310,32,0,0
BRDA:310,32,1,10
BRDA:314,33,0,1
BRDA:314,33,1,9
BRDA:314,34,0,10
BRDA:314,34,1,1
BRDA:320,35,0,2
BRDA:320,35,1,7
BRDA:320,36,0,9
BRDA:320,36,1,3
BRDA:323,37,0,2
BRDA:323,37,1,1
BRDA:326,38,0,10
BRDA:326,38,1,9
BRDA:366,39,0,1
BRDA:366,39,1,3
BRDA:366,40,0,4
BRDA:366,40,1,3
BRDA:370,41,0,1
BRDA:370,41,1,2
BRDA:370,42,0,3
BRDA:370,42,1,3
BRDA:375,43,0,1
BRDA:375,43,1,1
BRDA:392,44,0,0
BRDA:392,44,1,2
BRDA:392,45,0,0
BRDA:392,45,1,2
BRDA:393,46,0,1
BRDA:393,46,1,1
BRDA:393,47,0,1
BRDA:393,47,1,0
BRDA:398,48,0,0
BRDA:398,48,1,2
BRDA:398,49,0,2
BRDA:398,49,1,2
BRDA:402,50,0,0
BRDA:402,50,1,2
BRDA:403,51,0,0
BRDA:403,51,1,0
BRDA:407,52,0,0
BRDA:407,52,1,2
BRDA:409,53,0,2
BRDA:409,53,1,0
BRDA:420,54,0,26
BRDA:420,54,1,76
BRDA:420,55,0,102
BRDA:420,55,1,94
BRDA:423,56,0,3
BRDA:423,56,1,23
BRDA:423,57,0,26
BRDA:423,57,1,18
BRDA:447,58,0,0
BRDA:447,58,1,2
BRDA:455,59,0,4
BRDA:455,59,1,128
BRDA:480,60,0,1
BRDA:499,61,0,2
BRDA:499,61,1,2
BRDA:517,62,0,2
BRDA:517,62,1,5
BRF:127
BRH:112
end_of_record
TN:
SF:/Users/yudayu/hx-ui/src/components/drawer/drawer-item.vue
FNF:0
FNH:0
DA:14,1
DA:30,44
DA:35,6
LF:3
LH:3
BRDA:30,0,0,14
BRDA:30,0,1,30
BRF:2
BRH:2
end_of_record
TN:
SF:/Users/yudayu/hx-ui/src/components/drawer/drawer-panel.vue
FN:51,(anonymous_0)
FNF:1
FNH:1
FNDA:7,(anonymous_0)
DA:22,1
DA:42,20
DA:43,20
DA:48,5
DA:51,7
DA:52,7
DA:57,5
DA:60,5
DA:64,7
DA:67,5
DA:70,6
DA:71,6
LF:12
LH:12
BRDA:43,0,0,6
BRDA:43,0,1,14
BRDA:67,1,0,5
BRDA:67,1,1,4
BRDA:70,2,0,6
BRDA:70,2,1,0
BRF:6
BRH:5
end_of_record
TN:
SF:/Users/yudayu/hx-ui/src/components/drawer/drawer.vue
FN:148,(anonymous_0)
FNF:1
FNH:1
FNDA:10,(anonymous_0)
DA:26,1
DA:27,1
DA:28,1
DA:29,1
DA:31,1
DA:57,2
DA:69,0
DA:72,6
DA:73,6
DA:74,1
DA:79,2
DA:83,4
DA:84,0
DA:86,4
DA:88,4
DA:89,4
DA:90,7
DA:91,7
DA:92,2
DA:93,1
DA:94,1
DA:95,1
DA:97,2
DA:100,4
DA:103,4
DA:104,4
DA:107,5
DA:110,5
DA:111,5
DA:114,7
DA:115,3
DA:116,3
DA:120,5
DA:121,5
DA:122,5
DA:123,5
DA:124,5
DA:125,5
DA:126,1
DA:127,1
DA:131,6
DA:132,6
DA:133,6
DA:134,13
DA:135,13
DA:137,6
DA:140,1
DA:141,1
DA:142,1
DA:143,1
DA:144,1
DA:148,10
DA:149,10
DA:150,10
DA:151,10
DA:152,10
DA:153,20
DA:154,20
DA:155,20
DA:156,20
DA:157,20
DA:158,20
DA:160,10
DA:164,8
DA:165,5
DA:166,5
DA:168,3
DA:169,3
DA:171,8
DA:172,8
DA:174,3
DA:175,3
DA:177,5
DA:181,1
DA:182,1
LF:75
LH:73
BRDA:73,0,0,1
BRDA:73,0,1,5
BRDA:83,1,0,0
BRDA:83,1,1,4
BRDA:91,2,0,2
BRDA:91,2,1,5
BRDA:91,3,0,7
BRDA:91,3,1,7
BRDA:92,4,0,1
BRDA:92,4,1,1
BRDA:114,5,0,3
BRDA:114,5,1,4
BRDA:125,6,0,1
BRDA:125,6,1,4
BRDA:164,7,0,5
BRDA:164,7,1,3
BRDA:172,8,0,3
BRDA:172,8,1,5
BRF:18
BRH:17
end_of_record
TN:
SF:/Users/yudayu/hx-ui/src/modules/drawer/index.js
FN:5,(anonymous_0)
FNF:1
FNH:1
FNDA:1,(anonymous_0)
DA:5,1
DA:6,1
DA:7,1
DA:8,1
DA:11,1
DA:12,1
LF:6
LH:6
BRF:0
BRH:0
end_of_record
TN:
SF:/Users/yudayu/hx-ui/src/components/form/fields/validate.js
FN:1,(anonymous_0)
FN:7,(anonymous_1)
FN:8,(anonymous_2)
FN:14,(anonymous_3)
FN:15,(anonymous_4)
FN:19,(anonymous_5)
FN:20,(anonymous_6)
FNF:7
FNH:7
FNDA:3,(anonymous_0)
FNDA:1,(anonymous_1)
FNDA:3,(anonymous_2)
FNDA:2,(anonymous_3)
FNDA:6,(anonymous_4)
FNDA:1,(anonymous_5)
FNDA:2,(anonymous_6)
DA:1,1
DA:2,3
DA:3,3
DA:4,3
DA:7,1
DA:8,1
DA:9,3
DA:13,1
DA:14,1
DA:15,2
DA:16,6
DA:19,1
DA:20,1
DA:21,2
LF:14
LH:14
BRDA:2,0,0,3
BRDA:2,0,1,3
BRDA:3,1,0,3
BRDA:3,1,1,0
BRDA:3,2,0,3
BRDA:3,2,1,3
BRDA:3,2,2,3
BRF:7
BRH:6
end_of_record
TN:
SF:/Users/yudayu/hx-ui/src/components/form/fields/props.js
FN:1,(anonymous_0)
FNF:1
FNH:1
FNDA:5,(anonymous_0)
DA:1,1
DA:2,5
DA:3,5
DA:4,5
DA:6,5
LF:5
LH:5
BRDA:3,0,0,5
BRDA:3,0,1,0
BRF:2
BRH:1
end_of_record
TN:
SF:/Users/yudayu/hx-ui/src/components/form/fields/types.js
FN:26,processTypes
FNF:1
FNH:1
FNDA:17,processTypes
DA:9,1
DA:11,4
DA:14,1
DA:17,1
DA:20,1
DA:23,1
DA:27,17
DA:28,17
DA:29,8
LF:9
LH:9
BRDA:28,0,0,8
BRDA:28,0,1,9
BRF:2
BRH:2
end_of_record
TN:
SF:/Users/yudayu/hx-ui/src/components/form/fields/index.js
FN:3,processField
FNF:1
FNH:1
FNDA:17,processField
DA:4,17
DA:7,17
DA:8,17
LF:3
LH:3
BRF:0
BRH:0
end_of_record
TN:
SF:/Users/yudayu/hx-ui/src/common/helpers/validator/types.js
FN:6,(anonymous_0)
FN:9,(anonymous_1)
FN:12,(anonymous_2)
FN:15,(anonymous_3)
FN:18,(anonymous_4)
FN:21,(anonymous_5)
FN:24,(anonymous_6)
FNF:7
FNH:7
FNDA:4,(anonymous_0)
FNDA:3,(anonymous_1)
FNDA:2,(anonymous_2)
FNDA:3,(anonymous_3)
FNDA:2,(anonymous_4)
FNDA:2,(anonymous_5)
FNDA:2,(anonymous_6)
DA:3,1
DA:5,1
DA:7,4
DA:10,3
DA:13,2
DA:16,3
DA:19,2
DA:22,2
DA:25,2
DA:29,1
LF:10
LH:10
BRDA:16,0,0,3
BRDA:16,0,1,2
BRDA:19,1,0,2
BRDA:19,1,1,1
BRDA:22,2,0,2
BRDA:22,2,1,1
BRDA:25,3,0,2
BRDA:25,3,1,1
BRF:8
BRH:8
end_of_record
TN:
SF:/Users/yudayu/hx-ui/src/common/helpers/validator/rules.js
FN:5,(anonymous_0)
FN:12,(anonymous_1)
FN:15,(anonymous_2)
FN:23,(anonymous_3)
FN:31,(anonymous_4)
FN:39,(anonymous_5)
FN:42,(anonymous_6)
FN:45,(anonymous_7)
FNF:8
FNH:7
FNDA:53,(anonymous_0)
FNDA:19,(anonymous_1)
FNDA:6,(anonymous_2)
FNDA:2,(anonymous_3)
FNDA:2,(anonymous_4)
FNDA:1,(anonymous_5)
FNDA:1,(anonymous_6)
FNDA:0,(anonymous_7)
DA:4,1
DA:6,53
DA:7,53
DA:8,3
DA:10,50
DA:13,19
DA:16,6
DA:17,6
DA:18,3
DA:20,3
DA:24,2
DA:25,2
DA:26,1
DA:28,1
DA:32,2
DA:33,2
DA:34,2
DA:35,1
DA:37,2
DA:40,1
DA:43,1
DA:46,0
DA:50,1
LF:23
LH:22
BRDA:6,0,0,53
BRDA:6,0,1,34
BRDA:6,1,0,2
BRDA:6,1,1,32
BRDA:7,2,0,3
BRDA:7,2,1,50
BRDA:7,3,0,53
BRDA:7,3,1,4
BRDA:10,4,0,50
BRDA:10,4,1,39
BRDA:10,4,2,39
BRDA:13,5,0,19
BRDA:13,5,1,19
BRDA:16,6,0,6
BRDA:16,6,1,2
BRDA:17,7,0,3
BRDA:17,7,1,3
BRDA:17,8,0,6
BRDA:17,8,1,4
BRDA:24,9,0,2
BRDA:24,9,1,2
BRDA:25,10,0,1
BRDA:25,10,1,1
BRDA:25,11,0,2
BRDA:25,11,1,1
BRDA:32,12,0,2
BRDA:32,12,1,2
BRDA:34,13,0,1
BRDA:34,13,1,1
BRDA:35,14,0,0
BRDA:35,14,1,1
BRF:31
BRH:30
end_of_record
TN:
SF:/Users/yudayu/hx-ui/src/common/helpers/validator/messages.js
FN:3,addMessage
FNF:1
FNH:1
FNDA:3,addMessage
DA:4,3
DA:5,3
DA:6,3
DA:7,3
DA:9,3
DA:10,3
DA:15,3
LF:7
LH:7
BRDA:9,0,0,3
BRDA:9,0,1,0
BRF:2
BRH:1
end_of_record
TN:
SF:/Users/yudayu/hx-ui/src/common/helpers/validator/index.js
FNF:0
FNH:0
LF:0
LH:0
BRF:0
BRH:0
end_of_record
TN:
SF:/Users/yudayu/hx-ui/src/modules/locale/index.js
FNF:0
FNH:0
DA:4,1
LF:1
LH:1
BRF:0
BRH:0
end_of_record
TN:
SF:/Users/yudayu/hx-ui/src/common/helpers/string-template.js
FN:8,format
FN:9,(anonymous_1)
FN:10,(anonymous_2)
FN:15,(anonymous_3)
FN:33,resolveHelperFnString
FN:44,(anonymous_5)
FNF:6
FNH:6
FNDA:29,format
FNDA:10,(anonymous_1)
FNDA:2,(anonymous_2)
FNDA:2,(anonymous_3)
FNDA:2,resolveHelperFnString
FNDA:2,(anonymous_5)
DA:4,1
DA:5,1
DA:6,1
DA:9,29
DA:10,10
DA:11,10
DA:12,10
DA:14,10
DA:15,2
DA:16,2
DA:17,2
DA:19,2
DA:20,2
DA:29,10
DA:34,2
DA:35,2
DA:36,2
DA:37,2
DA:39,2
DA:42,2
DA:43,2
DA:44,2
DA:45,2
DA:47,2
LF:24
LH:24
BRDA:8,0,0,0
BRDA:14,1,0,2
BRDA:14,1,1,8
BRDA:19,2,0,2
BRDA:39,3,0,2
BRDA:42,4,0,2
BRDA:42,4,1,0
BRDA:42,5,0,2
BRDA:42,5,1,2
BRF:9
BRH:7
end_of_record
TN:
SF:/Users/yudayu/hx-ui/src/components/validator/validator.vue
FN:171,(anonymous_0)
FN:172,(anonymous_1)
FN:179,(anonymous_2)
FN:210,(anonymous_3)
FN:215,(anonymous_4)
FNF:5
FNH:5
FNDA:74,(anonymous_0)
FNDA:5,(anonymous_1)
FNDA:2,(anonymous_2)
FNDA:61,(anonymous_3)
FNDA:70,(anonymous_4)
DA:27,1
DA:28,1
DA:29,1
DA:30,1
DA:31,1
DA:47,1
DA:53,42
DA:67,47
DA:78,58
DA:79,58
DA:80,58
DA:83,79
DA:84,79
DA:87,91
DA:88,91
DA:89,91
DA:92,80
DA:95,103
DA:96,103
DA:97,23
DA:99,80
DA:108,28
DA:112,11
DA:113,1
DA:115,10
DA:116,8
DA:119,10
DA:124,3
DA:127,42
DA:128,0
DA:133,47
DA:134,47
DA:135,34
DA:140,63
DA:141,63
DA:142,63
DA:144,63
DA:145,2
DA:146,2
DA:148,61
DA:149,61
DA:150,61
DA:152,61
DA:153,61
DA:154,61
DA:156,61
DA:157,61
DA:159,28
DA:162,61
DA:163,60
DA:164,74
DA:166,74
DA:167,16
DA:169,58
DA:171,74
DA:172,74
DA:173,5
DA:179,74
DA:180,2
DA:186,74
DA:187,6
DA:188,68
DA:189,1
DA:191,67
DA:200,61
DA:201,61
DA:204,61
DA:205,61
DA:206,61
DA:207,61
DA:208,61
DA:209,61
DA:210,61
DA:211,61
DA:212,2
DA:214,59
DA:215,59
DA:216,70
DA:221,70
DA:222,38
DA:223,38
DA:225,70
DA:231,59
DA:232,5
DA:234,59
DA:235,59
DA:237,61
DA:238,7
DA:240,7
DA:241,7
DA:242,7
DA:246,59
DA:247,59
DA:248,59
DA:250,18
DA:253,59
DA:254,21
DA:256,59
DA:257,59
DA:260,7
DA:261,7
DA:262,7
DA:263,7
DA:264,7
DA:265,7
DA:266,7
DA:267,7
DA:270,1
DA:273,61
DA:274,61
DA:275,61
DA:276,61
DA:277,61
DA:278,0
DA:280,61
DA:281,31
DA:282,30
DA:283,1
DA:285,29
DA:286,6
DA:288,29
LF:121
LH:119
BRDA:80,0,0,20
BRDA:80,0,1,38
BRDA:84,1,0,25
BRDA:84,1,1,54
BRDA:89,2,0,91
BRDA:89,2,1,69
BRDA:92,3,0,80
BRDA:92,3,1,69
BRDA:92,3,2,59
BRDA:96,4,0,23
BRDA:96,4,1,80
BRDA:112,5,0,1
BRDA:112,5,1,10
BRDA:115,6,0,8
BRDA:115,6,1,2
BRDA:127,7,0,0
BRDA:127,7,1,42
BRDA:127,8,0,42
BRDA:127,8,1,21
BRDA:127,8,2,0
BRDA:134,9,0,34
BRDA:134,9,1,13
BRDA:134,10,0,47
BRDA:134,10,1,45
BRDA:141,11,0,63
BRDA:141,11,1,0
BRDA:144,12,0,2
BRDA:144,12,1,61
BRDA:145,13,0,2
BRDA:145,13,1,2
BRDA:157,14,0,28
BRDA:157,14,1,33
BRDA:162,15,0,60
BRDA:162,15,1,1
BRDA:166,16,0,16
BRDA:166,16,1,58
BRDA:169,17,0,58
BRDA:169,17,1,58
BRDA:186,18,0,6
BRDA:186,18,1,68
BRDA:186,19,0,74
BRDA:186,19,1,6
BRDA:188,20,0,1
BRDA:188,20,1,67
BRDA:211,21,0,2
BRDA:211,21,1,59
BRDA:216,22,0,9
BRDA:216,22,1,61
BRDA:217,23,0,0
BRDA:217,23,1,9
BRDA:221,24,0,38
BRDA:221,24,1,32
BRDA:221,25,0,70
BRDA:221,25,1,67
BRDA:231,26,0,5
BRDA:231,26,1,54
BRDA:235,27,0,59
BRDA:235,27,1,59
BRDA:237,28,0,7
BRDA:237,28,1,54
BRDA:248,29,0,18
BRDA:248,29,1,41
BRDA:248,30,0,59
BRDA:248,30,1,31
BRDA:253,31,0,21
BRDA:253,31,1,38
BRDA:277,32,0,0
BRDA:277,32,1,61
BRDA:280,33,0,31
BRDA:280,33,1,30
BRDA:282,34,0,1
BRDA:282,34,1,29
BRDA:285,35,0,6
BRDA:285,35,1,23
BRDA:286,36,0,0
BRDA:286,36,1,6
BRDA:288,37,0,0
BRDA:288,37,1,29
BRF:78
BRH:71
end_of_record
TN:
SF:/Users/yudayu/hx-ui/src/components/form/layouts.js
FNF:0
FNH:0
DA:1,1
LF:1
LH:1
BRF:0
BRH:0
end_of_record
TN:
SF:/Users/yudayu/hx-ui/src/components/form/fields/reset.js
FN:11,getResetValueByType
FNF:1
FNH:1
FNDA:6,getResetValueByType
DA:1,1
DA:12,6
DA:13,6
LF:3
LH:3
BRDA:13,0,0,6
BRDA:13,0,1,1
BRF:2
BRH:2
end_of_record
TN:
SF:/Users/yudayu/hx-ui/src/components/form/mixin.js
FNF:0
FNH:0
DA:3,22
DA:11,72
DA:12,72
DA:13,72
DA:14,72
DA:17,72
DA:18,72
LF:7
LH:7
BRDA:14,0,0,8
BRDA:14,0,1,64
BRDA:14,1,0,72
BRDA:14,1,1,68
BRDA:18,2,0,41
BRDA:18,2,1,31
BRF:6
BRH:6
end_of_record
TN:
SF:/Users/yudayu/hx-ui/src/components/radio/radio.vue
FN:50,(anonymous_0)
FN:52,(anonymous_1)
FNF:2
FNH:2
FNDA:20,(anonymous_0)
FNDA:7,(anonymous_1)
DA:16,1
DA:17,1
DA:42,13
DA:47,13
DA:48,13
DA:49,13
DA:50,13
DA:51,20
DA:53,7
DA:58,13
DA:59,13
DA:63,7
DA:66,7
DA:67,4
DA:69,7
DA:70,7
DA:71,7
DA:77,13
DA:78,13
DA:79,3
DA:84,10
DA:87,20
DA:88,20
DA:96,13
DA:97,13
DA:98,10
LF:26
LH:26
BRDA:48,0,0,13
BRDA:48,0,1,0
BRDA:58,1,0,13
BRDA:58,1,1,13
BRDA:66,2,0,4
BRDA:66,2,1,3
BRDA:70,3,0,7
BRDA:70,3,1,0
BRDA:78,4,0,3
BRDA:78,4,1,10
BRDA:97,5,0,10
BRDA:97,5,1,3
BRDA:97,6,0,13
BRDA:97,6,1,10
BRF:14
BRH:12
end_of_record
TN:
SF:/Users/yudayu/hx-ui/src/components/radio/radio-group.vue
FNF:0
FNH:0
DA:18,1
DA:20,1
DA:26,4
DA:35,0
DA:52,4
DA:58,2
DA:61,2
DA:66,4
DA:67,3
LF:9
LH:8
BRDA:66,0,0,3
BRDA:66,0,1,1
BRF:2
BRH:2
end_of_record
TN:
SF:/Users/yudayu/hx-ui/src/components/rate/rate-item.vue
FNF:0
FNH:0
DA:10,1
LF:1
LH:1
BRF:0
BRH:0
end_of_record
TN:
SF:/Users/yudayu/hx-ui/src/components/rate/rate.vue
FNF:0
FNH:0
DA:20,1
DA:21,1
DA:23,1
DA:46,4
DA:51,4
DA:55,5
DA:60,3
DA:61,1
DA:67,3
DA:68,2
DA:69,1
DA:70,1
DA:71,1
DA:73,2
DA:74,2
DA:75,2
DA:79,3
DA:80,2
DA:84,3
DA:85,2
DA:86,1
DA:87,1
DA:88,1
DA:90,2
DA:91,2
DA:95,4
DA:96,4
DA:97,2
DA:98,2
DA:99,0
DA:101,2
LF:31
LH:30
BRDA:55,0,0,5
BRDA:55,0,1,1
BRDA:60,1,0,1
BRDA:60,1,1,2
BRDA:67,2,0,2
BRDA:67,2,1,1
BRDA:68,3,0,1
BRDA:68,3,1,1
BRDA:79,4,0,2
BRDA:79,4,1,1
BRDA:79,5,0,3
BRDA:79,5,1,2
BRDA:79,5,2,1
BRDA:80,6,0,1
BRDA:80,6,1,1
BRDA:84,7,0,2
BRDA:84,7,1,1
BRDA:84,8,0,3
BRDA:84,8,1,2
BRDA:84,8,2,1
BRDA:85,9,0,1
BRDA:85,9,1,1
BRDA:90,10,0,1
BRDA:90,10,1,1
BRDA:96,11,0,2
BRDA:96,11,1,2
BRDA:96,12,0,4
BRDA:96,12,1,2
BRDA:98,13,0,0
BRDA:98,13,1,2
BRF:30
BRH:29
end_of_record
TN:
SF:/Users/yudayu/hx-ui/src/components/select/select.vue
FN:64,(anonymous_0)
FN:76,(anonymous_1)
FNF:2
FNH:2
FNDA:18,(anonymous_0)
FNDA:12,(anonymous_1)
DA:13,1
DA:15,1
DA:16,1
DA:17,1
DA:18,1
DA:24,3
DA:64,3
DA:65,18
DA:66,18
DA:71,18
DA:75,3
DA:76,3
DA:77,12
DA:79,3
DA:81,3
DA:84,3
DA:87,3
DA:90,0
DA:93,4
DA:96,4
DA:99,4
DA:103,3
DA:116,3
DA:120,1
DA:121,0
DA:123,1
DA:124,1
DA:125,1
DA:128,1
DA:129,1
DA:132,1
DA:133,1
DA:134,1
DA:135,1
LF:34
LH:32
BRDA:65,0,0,18
BRDA:65,0,1,0
BRDA:79,1,0,3
BRDA:79,1,1,0
BRDA:79,2,0,0
BRDA:79,2,1,0
BRDA:84,3,0,3
BRDA:84,3,1,0
BRDA:87,4,0,3
BRDA:87,4,1,0
BRDA:90,5,0,0
BRDA:90,5,1,0
BRDA:93,6,0,4
BRDA:93,6,1,2
BRDA:96,7,0,4
BRDA:96,7,1,2
BRDA:99,8,0,4
BRDA:99,8,1,2
BRDA:116,9,0,3
BRDA:116,9,1,0
BRDA:120,10,0,0
BRDA:120,10,1,1
BRDA:133,11,0,1
BRDA:133,11,1,0
BRF:24
BRH:13
end_of_record
TN:
SF:/Users/yudayu/hx-ui/src/components/switch/switch.vue
FNF:0
FNH:0
DA:10,1
DA:12,1
DA:27,3
DA:33,3
DA:36,3
LF:5
LH:5
BRF:0
BRH:0
end_of_record
TN:
SF:/Users/yudayu/hx-ui/src/components/textarea/textarea.vue
FNF:0
FNH:0
DA:22,1
DA:23,1
DA:25,1
DA:34,8
DA:77,8
DA:78,8
DA:79,6
DA:81,8
DA:84,10
DA:87,9
DA:88,9
DA:89,1
DA:91,9
DA:96,3
DA:99,3
DA:100,3
DA:101,0
DA:107,2
DA:108,2
DA:109,2
DA:112,2
DA:113,2
DA:114,1
DA:116,2
LF:24
LH:23
BRDA:36,0,0,1
BRDA:36,0,1,7
BRDA:78,1,0,6
BRDA:78,1,1,2
BRDA:88,2,0,1
BRDA:88,2,1,8
BRDA:88,3,0,9
BRDA:88,3,1,1
BRDA:100,4,0,0
BRDA:100,4,1,3
BRDA:100,5,0,3
BRDA:100,5,1,2
BRDA:113,6,0,1
BRDA:113,6,1,1
BRF:14
BRH:13
end_of_record
TN:
SF:/Users/yudayu/hx-ui/src/components/upload/btn-mixin.js
FNF:0
FNH:0
LF:0
LH:0
BRF:0
BRH:0
end_of_record
TN:
SF:/Users/yudayu/hx-ui/src/components/upload/btn.vue
FNF:0
FNH:0
DA:12,1
DA:19,5
DA:20,5
DA:21,5
DA:22,5
DA:23,5
LF:6
LH:6
BRDA:21,0,0,5
BRDA:21,0,1,0
BRF:2
BRH:1
end_of_record
TN:
SF:/Users/yudayu/hx-ui/src/components/upload/util.js
FN:10,processFiles
FN:15,(anonymous_1)
FN:26,processFile
FN:27,(anonymous_3)
FN:33,newFile
FN:48,createURL
FN:55,evalOpts
FNF:7
FNH:7
FNDA:5,processFiles
FNDA:12,(anonymous_1)
FNDA:12,processFile
FNDA:12,(anonymous_3)
FNDA:24,newFile
FNDA:24,createURL
FNDA:36,evalOpts
DA:3,1
DA:5,1
DA:6,1
DA:7,1
DA:8,1
DA:11,5
DA:12,5
DA:13,5
DA:14,5
DA:15,12
DA:16,12
DA:17,12
DA:18,12
DA:19,12
DA:20,5
DA:27,12
DA:28,12
DA:29,12
DA:34,24
DA:35,24
DA:37,24
DA:49,24
DA:50,12
DA:52,12
DA:56,36
DA:57,2
DA:59,34
LF:27
LH:27
BRDA:3,0,0,1
BRDA:3,0,1,0
BRDA:3,1,0,1
BRDA:3,1,1,0
BRDA:3,1,2,0
BRDA:19,2,0,5
BRDA:19,2,1,7
BRDA:33,3,0,12
BRDA:33,4,0,12
BRDA:33,5,0,12
BRDA:33,6,0,12
BRDA:33,7,0,12
BRDA:34,8,0,24
BRDA:34,8,1,12
BRDA:34,8,2,24
BRDA:35,9,0,0
BRDA:35,9,1,24
BRDA:49,10,0,12
BRDA:49,10,1,12
BRDA:49,11,0,24
BRDA:49,11,1,12
BRDA:56,12,0,2
BRDA:56,12,1,34
BRF:23
BRH:19
end_of_record
TN:
SF:/Users/yudayu/hx-ui/src/components/upload/file.vue
FNF:0
FNH:0
DA:20,1
DA:21,1
DA:25,1
DA:37,27
DA:40,29
DA:41,29
DA:42,29
DA:43,7
DA:47,16
DA:48,16
DA:49,0
DA:51,16
DA:56,27
DA:57,27
DA:60,29
DA:61,5
DA:63,24
DA:64,24
DA:69,1
DA:72,2
LF:20
LH:19
BRDA:42,0,0,7
BRDA:42,0,1,22
BRDA:42,1,0,29
BRDA:42,1,1,22
BRDA:42,1,2,22
BRDA:47,2,0,16
BRDA:47,2,1,0
BRDA:48,3,0,0
BRDA:48,3,1,16
BRDA:60,4,0,5
BRDA:60,4,1,24
BRF:11
BRH:9
end_of_record
TN:
SF:/Users/yudayu/hx-ui/src/components/upload/ajax.js
FN:8,ajaxUpload
FN:18,(anonymous_1)
FN:31,(anonymous_2)
FN:48,computed
FN:57,(anonymous_4)
FN:62,(anonymous_5)
FN:75,(anonymous_6)
FN:80,(anonymous_7)
FN:84,(anonymous_8)
FN:94,(anonymous_9)
FN:102,setStatus
FN:109,setResponse
FNF:12
FNH:11
FNDA:12,ajaxUpload
FNDA:1,(anonymous_1)
FNDA:2,(anonymous_2)
FNDA:2,computed
FNDA:12,(anonymous_4)
FNDA:2,(anonymous_5)
FNDA:1,(anonymous_6)
FNDA:7,(anonymous_7)
FNDA:0,(anonymous_8)
FNDA:12,(anonymous_9)
FNDA:9,setStatus
FNDA:9,setResponse
DA:18,1
DA:19,12
DA:21,12
DA:23,12
DA:24,12
DA:26,12
DA:27,12
DA:28,12
DA:29,12
DA:30,12
DA:31,12
DA:32,2
DA:33,2
DA:34,1
DA:35,1
DA:36,1
DA:37,1
DA:38,0
DA:40,1
DA:44,1
DA:45,1
DA:49,2
DA:50,2
DA:55,12
DA:56,12
DA:57,12
DA:58,12
DA:60,12
DA:62,12
DA:63,2
DA:64,0
DA:65,0
DA:67,2
DA:68,2
DA:70,2
DA:71,1
DA:72,1
DA:75,1
DA:76,1
DA:80,12
DA:81,7
DA:82,7
DA:84,12
DA:85,0
DA:86,0
DA:89,12
DA:90,12
DA:91,0
DA:93,12
DA:94,12
DA:95,12
DA:97,12
DA:98,0
DA:101,12
DA:103,9
DA:104,9
DA:105,9
DA:106,9
DA:107,9
DA:110,9
DA:111,9
DA:112,9
DA:114,9
DA:115,9
LF:64
LH:57
BRDA:11,0,0,0
BRDA:12,1,0,0
BRDA:13,2,0,12
BRDA:16,3,0,12
BRDA:17,4,0,0
BRDA:18,5,0,10
BRDA:29,6,0,12
BRDA:29,6,1,0
BRDA:32,7,0,2
BRDA:32,7,1,0
BRDA:33,8,0,1
BRDA:33,8,1,1
BRDA:37,9,0,0
BRDA:37,9,1,1
BRDA:63,10,0,0
BRDA:63,10,1,2
BRDA:63,11,0,2
BRDA:63,11,1,2
BRDA:70,12,0,1
BRDA:70,12,1,1
BRDA:72,13,0,1
BRDA:72,13,1,0
BRDA:76,14,0,1
BRDA:76,14,1,0
BRDA:90,15,0,0
BRDA:90,15,1,12
BRDA:97,16,0,0
BRDA:97,16,1,12
BRDA:107,17,0,9
BRDA:107,17,1,9
BRDA:110,18,0,9
BRDA:110,18,1,7
BRF:32
BRH:21
end_of_record
TN:
SF:/Users/yudayu/hx-ui/src/components/upload/upload.vue
FN:63,(anonymous_0)
FN:112,(anonymous_1)
FN:115,(anonymous_2)
FN:117,(anonymous_3)
FN:147,(anonymous_4)
FN:167,(anonymous_5)
FNF:6
FNH:6
FNDA:12,(anonymous_0)
FNDA:12,(anonymous_1)
FNDA:5,(anonymous_2)
FNDA:5,(anonymous_3)
FNDA:9,(anonymous_4)
FNDA:2,(anonymous_5)
DA:26,1
DA:27,1
DA:28,1
DA:29,1
DA:30,1
DA:31,1
DA:32,1
DA:33,1
DA:42,6
DA:64,12
DA:69,6
DA:76,5
DA:77,5
DA:78,0
DA:82,5
DA:86,13
DA:91,7
DA:94,7
DA:99,5
DA:100,5
DA:101,5
DA:102,5
DA:103,5
DA:104,5
DA:105,5
DA:106,17
DA:107,12
DA:108,12
DA:110,17
DA:112,5
DA:113,12
DA:114,12
DA:117,5
DA:118,5
DA:123,2
DA:124,2
DA:125,2
DA:126,2
DA:128,2
DA:129,2
DA:130,2
DA:133,1
DA:136,19
DA:137,19
DA:138,1
DA:140,18
DA:141,18
DA:142,18
DA:143,18
DA:144,26
DA:145,26
DA:146,26
DA:147,12
DA:148,9
DA:149,0
DA:151,9
DA:152,9
DA:154,12
DA:155,14
DA:156,3
DA:158,26
DA:162,2
DA:163,2
DA:166,1
DA:167,1
DA:168,2
DA:169,1
DA:170,1
DA:175,1
DA:176,1
DA:177,1
LF:71
LH:69
BRDA:77,0,0,0
BRDA:77,0,1,5
BRDA:78,1,0,0
BRDA:78,1,1,0
BRDA:105,2,0,22
BRDA:105,2,1,17
BRDA:106,3,0,12
BRDA:106,3,1,5
BRDA:124,4,0,2
BRDA:124,4,1,2
BRDA:125,5,0,2
BRDA:125,5,1,0
BRDA:137,6,0,1
BRDA:137,6,1,18
BRDA:137,7,0,19
BRDA:137,7,1,18
BRDA:143,8,0,44
BRDA:143,8,1,38
BRDA:146,9,0,12
BRDA:146,9,1,14
BRDA:146,10,0,26
BRDA:146,10,1,15
BRDA:146,10,2,1
BRDA:146,10,3,1
BRDA:148,11,0,0
BRDA:148,11,1,9
BRDA:151,12,0,2
BRDA:151,12,1,7
BRDA:155,13,0,3
BRDA:155,13,1,11
BRDA:168,14,0,1
BRDA:168,14,1,1
BRF:32
BRH:27
end_of_record
TN:
SF:/Users/yudayu/hx-ui/src/components/form/components.js
FN:30,(anonymous_0)
FNF:1
FNH:1
FNDA:12,(anonymous_0)
DA:14,1
DA:29,1
DA:30,1
DA:31,12
LF:4
LH:4
BRF:0
BRH:0
end_of_record
TN:
SF:/Users/yudayu/hx-ui/src/components/form/form-item.vue
FN:137,(anonymous_0)
FN:153,(anonymous_1)
FN:172,(anonymous_2)
FN:230,(anonymous_3)
FN:234,(anonymous_4)
FN:252,(anonymous_5)
FNF:6
FNH:6
FNDA:7,(anonymous_0)
FNDA:1,(anonymous_1)
FNDA:3,(anonymous_2)
FNDA:15,(anonymous_3)
FNDA:15,(anonymous_4)
FNDA:6,(anonymous_5)
DA:44,1
DA:46,1
DA:47,1
DA:48,1
DA:63,15
DA:64,15
DA:65,15
DA:66,15
DA:77,17
DA:80,12
DA:83,17
DA:86,45
DA:87,45
DA:98,27
DA:101,12
DA:102,12
DA:103,12
DA:104,0
DA:106,12
DA:107,12
DA:108,12
DA:109,3
DA:111,9
DA:116,11
DA:117,9
DA:123,11
DA:124,11
DA:129,28
DA:133,15
DA:136,15
DA:137,15
DA:138,7
DA:139,7
DA:143,15
DA:144,15
DA:148,15
DA:149,15
DA:150,1
DA:152,15
DA:153,1
DA:154,1
DA:156,1
DA:160,2
DA:163,2
DA:164,2
DA:168,15
DA:169,1
DA:170,1
DA:171,1
DA:172,1
DA:173,3
DA:174,1
DA:176,2
DA:177,2
DA:178,2
DA:184,15
DA:185,15
DA:186,15
DA:189,13
DA:190,13
DA:191,13
DA:192,4
DA:193,4
DA:197,22
DA:198,22
DA:199,22
DA:203,31
DA:204,10
DA:206,21
DA:209,3
DA:210,3
DA:213,2
DA:214,2
DA:217,36
DA:218,36
DA:220,36
DA:224,19
DA:225,19
DA:226,19
DA:228,19
DA:229,19
DA:230,15
DA:231,15
DA:232,15
DA:233,15
DA:234,15
DA:235,15
DA:239,4
DA:241,19
DA:244,8
DA:245,8
DA:246,6
DA:247,6
DA:248,6
DA:250,6
DA:251,6
DA:252,6
DA:253,6
DA:256,8
DA:257,8
DA:261,0
DA:273,15
DA:274,15
DA:275,15
LF:104
LH:102
BRDA:65,0,0,10
BRDA:65,0,1,5
BRDA:80,1,0,12
BRDA:80,1,1,0
BRDA:89,2,0,45
BRDA:89,2,1,40
BRDA:103,3,0,0
BRDA:103,3,1,12
BRDA:108,4,0,3
BRDA:108,4,1,9
BRDA:116,5,0,9
BRDA:116,5,1,2
BRDA:149,6,0,1
BRDA:149,6,1,14
BRDA:152,7,0,14
BRDA:152,7,1,1
BRDA:152,8,0,15
BRDA:152,8,1,14
BRDA:152,8,2,1
BRDA:152,8,3,1
BRDA:168,9,0,1
BRDA:168,9,1,14
BRDA:173,10,0,1
BRDA:173,10,1,2
BRDA:191,11,0,4
BRDA:191,11,1,9
BRDA:203,12,0,10
BRDA:203,12,1,21
BRDA:203,13,0,31
BRDA:203,13,1,23
BRDA:203,13,2,8
BRDA:218,14,0,36
BRDA:218,14,1,0
BRDA:225,15,0,19
BRDA:225,15,1,0
BRDA:229,16,0,15
BRDA:229,16,1,4
BRDA:233,17,0,15
BRDA:233,17,1,15
BRDA:239,18,0,4
BRDA:239,18,1,4
BRDA:245,19,0,6
BRDA:245,19,1,2
BRDA:251,20,0,6
BRDA:251,20,1,6
BRDA:261,21,0,0
BRF:46
BRH:41
end_of_record
TN:
SF:/Users/yudayu/hx-ui/src/components/form/form-group.vue
FNF:0
FNH:0
DA:19,1
DA:36,8
DA:39,8
LF:3
LH:3
BRF:0
BRH:0
end_of_record
TN:
SF:/Users/yudayu/hx-ui/src/components/form/form.vue
FN:67,(anonymous_0)
FN:142,(anonymous_1)
FN:170,(anonymous_2)
FN:175,(anonymous_3)
FN:183,(anonymous_4)
FN:195,(anonymous_5)
FN:196,(anonymous_6)
FN:207,(anonymous_7)
FN:211,(anonymous_8)
FN:246,(anonymous_9)
FN:289,(anonymous_10)
FNF:11
FNH:11
FNDA:8,(anonymous_0)
FNDA:5,(anonymous_1)
FNDA:4,(anonymous_2)
FNDA:8,(anonymous_3)
FNDA:15,(anonymous_4)
FNDA:19,(anonymous_5)
FNDA:19,(anonymous_6)
FNDA:2,(anonymous_7)
FNDA:70,(anonymous_8)
FNDA:110,(anonymous_9)
FNDA:17,(anonymous_10)
DA:16,1
DA:17,1
DA:18,1
DA:19,1
DA:20,1
DA:21,1
DA:45,6
DA:57,7
DA:66,3
DA:67,3
DA:68,8
DA:69,4
DA:72,3
DA:75,8
DA:76,8
DA:77,8
DA:78,7
DA:82,8
DA:85,7
DA:86,7
DA:87,7
DA:90,27
DA:91,27
DA:92,27
DA:93,27
DA:107,21
DA:117,7
DA:118,7
DA:119,7
DA:122,7
DA:123,4
DA:128,1
DA:129,1
DA:130,1
DA:133,2
DA:137,5
DA:138,5
DA:139,0
DA:140,0
DA:142,5
DA:143,5
DA:144,3
DA:145,3
DA:148,2
DA:149,1
DA:151,2
DA:152,2
DA:155,5
DA:156,4
DA:157,4
DA:159,0
DA:162,1
DA:166,3
DA:167,3
DA:170,4
DA:171,4
DA:175,3
DA:176,8
DA:178,3
DA:179,3
DA:180,3
DA:183,5
DA:184,15
DA:188,8
DA:189,8
DA:190,8
DA:192,8
DA:193,8
DA:194,8
DA:195,8
DA:196,19
DA:197,19
DA:198,19
DA:200,8
DA:204,8
DA:207,2
DA:208,2
DA:211,70
DA:212,24
DA:215,8
DA:218,31
DA:221,36
DA:222,36
DA:223,13
DA:225,23
DA:232,56
DA:233,56
DA:234,44
DA:235,44
DA:236,21
DA:238,23
DA:242,56
DA:243,56
DA:244,56
DA:245,56
DA:246,56
DA:247,110
DA:248,110
DA:249,88
DA:250,88
DA:251,66
DA:252,10
DA:254,66
DA:255,34
DA:256,32
DA:257,6
DA:260,66
DA:262,17
DA:263,17
DA:265,22
DA:266,22
DA:267,15
DA:269,22
DA:277,56
DA:278,56
DA:279,56
DA:280,56
DA:281,56
DA:284,56
DA:285,39
DA:286,39
DA:287,39
DA:289,17
DA:290,17
DA:291,17
DA:292,17
DA:293,17
DA:298,15
DA:299,15
DA:302,15
DA:303,15
DA:304,15
DA:308,7
DA:309,7
LF:134
LH:131
BRDA:68,0,0,4
BRDA:68,0,1,4
BRDA:76,1,0,8
BRDA:76,1,1,7
BRDA:77,2,0,7
BRDA:77,2,1,1
BRDA:86,3,0,7
BRDA:86,3,1,7
BRDA:86,3,2,1
BRDA:122,4,0,4
BRDA:122,4,1,3
BRDA:127,5,0,1
BRDA:138,6,0,0
BRDA:138,6,1,5
BRDA:143,7,0,3
BRDA:143,7,1,2
BRDA:148,8,0,1
BRDA:148,8,1,1
BRDA:148,9,0,2
BRDA:148,9,1,1
BRDA:155,10,0,4
BRDA:155,10,1,1
BRDA:157,11,0,0
BRDA:157,11,1,4
BRDA:157,12,0,4
BRDA:157,12,1,4
BRDA:171,13,0,4
BRDA:171,13,1,4
BRDA:189,14,0,8
BRDA:189,14,1,0
BRDA:198,15,0,8
BRDA:198,15,1,11
BRDA:200,16,0,8
BRDA:200,16,1,8
BRDA:214,17,0,3
BRDA:217,18,0,3
BRDA:222,19,0,13
BRDA:222,19,1,23
BRDA:222,20,0,36
BRDA:222,20,1,36
BRDA:222,20,2,15
BRDA:222,20,3,13
BRDA:233,21,0,44
BRDA:233,21,1,12
BRDA:235,22,0,21
BRDA:235,22,1,23
BRDA:248,23,0,88
BRDA:248,23,1,22
BRDA:250,24,0,66
BRDA:250,24,1,22
BRDA:251,25,0,10
BRDA:251,25,1,56
BRDA:254,26,0,34
BRDA:254,26,1,32
BRDA:256,27,0,6
BRDA:256,27,1,26
BRDA:256,28,0,32
BRDA:256,28,1,15
BRDA:260,29,0,17
BRDA:260,29,1,49
BRDA:260,30,0,66
BRDA:260,30,1,36
BRDA:265,31,0,22
BRDA:265,31,1,0
BRDA:266,32,0,15
BRDA:266,32,1,7
BRDA:284,33,0,39
BRDA:284,33,1,17
BRDA:290,34,0,17
BRDA:290,34,1,0
BRF:70
BRH:65
end_of_record
TN:
SF:/Users/yudayu/hx-ui/src/modules/form/index.js
FN:9,(anonymous_0)
FNF:1
FNH:1
FNDA:1,(anonymous_0)
DA:9,1
DA:10,1
DA:11,1
DA:12,1
DA:13,1
DA:14,1
DA:15,1
DA:18,1
DA:19,1
DA:20,1
DA:22,1
DA:23,1
DA:24,1
DA:25,1
LF:14
LH:14
BRF:0
BRH:0
end_of_record
TN:
SF:/Users/yudayu/hx-ui/src/components/slide/slide-item.vue
FNF:0
FNH:0
DA:12,1
LF:1
LH:1
BRF:0
BRH:0
end_of_record
TN:
SF:/Users/yudayu/hx-ui/src/components/slide/slide.vue
FN:115,(anonymous_0)
FN:116,(anonymous_1)
FN:219,(anonymous_2)
FN:226,(anonymous_3)
FN:254,(anonymous_4)
FN:273,(anonymous_5)
FN:294,(anonymous_6)
FN:316,(anonymous_7)
FNF:8
FNH:7
FNDA:98,(anonymous_0)
FNDA:1,(anonymous_1)
FNDA:7,(anonymous_2)
FNDA:7,(anonymous_3)
FNDA:9,(anonymous_4)
FNDA:0,(anonymous_5)
FNDA:14,(anonymous_6)
FNDA:98,(anonymous_7)
DA:27,1
DA:28,1
DA:29,1
DA:30,1
DA:31,1
DA:33,1
DA:34,1
DA:36,1
DA:107,14
DA:113,14
DA:114,14
DA:115,14
DA:116,98
DA:118,1
DA:119,0
DA:131,7
DA:132,2
DA:143,15
DA:146,15
DA:147,15
DA:149,15
DA:150,0
DA:152,15
DA:153,15
DA:154,15
DA:156,15
DA:157,0
DA:159,15
DA:161,15
DA:162,8
DA:166,29
DA:169,0
DA:170,0
DA:173,15
DA:176,15
DA:178,15
DA:179,15
DA:180,15
DA:181,15
DA:182,15
DA:183,34
DA:184,34
DA:185,34
DA:187,15
DA:188,14
DA:190,15
DA:193,15
DA:195,15
DA:207,15
DA:209,15
DA:211,15
DA:214,15
DA:215,1
DA:217,15
DA:218,15
DA:219,15
DA:220,7
DA:221,2
DA:224,15
DA:226,15
DA:227,7
DA:228,2
DA:233,18
DA:234,18
DA:235,18
DA:236,16
DA:237,16
DA:240,18
DA:242,18
DA:243,9
DA:247,102
DA:250,15
DA:253,19
DA:254,19
DA:255,9
DA:259,14
DA:260,14
DA:261,14
DA:262,14
DA:263,14
DA:264,0
DA:269,0
DA:272,0
DA:273,0
DA:275,0
DA:278,0
DA:279,0
DA:282,0
DA:286,17
DA:287,15
DA:288,2
DA:289,2
DA:294,14
DA:295,14
DA:298,14
DA:305,0
DA:312,14
DA:313,14
DA:314,14
DA:316,14
DA:317,98
DA:319,14
LF:102
LH:88
BRDA:109,0,0,14
BRDA:109,0,1,12
BRDA:118,1,0,0
BRDA:118,1,1,1
BRDA:131,2,0,2
BRDA:131,2,1,5
BRDA:143,3,0,15
BRDA:149,4,0,0
BRDA:149,4,1,15
BRDA:149,5,0,15
BRDA:149,5,1,1
BRDA:153,6,0,15
BRDA:153,6,1,0
BRDA:156,7,0,0
BRDA:156,7,1,15
BRDA:161,8,0,8
BRDA:161,8,1,7
BRDA:166,9,0,29
BRDA:166,9,1,15
BRDA:178,10,0,13
BRDA:178,10,1,2
BRDA:187,11,0,14
BRDA:187,11,1,1
BRDA:187,12,0,15
BRDA:187,12,1,14
BRDA:187,12,2,14
BRDA:193,13,0,0
BRDA:193,13,1,15
BRDA:193,14,0,15
BRDA:193,14,1,13
BRDA:214,15,0,1
BRDA:214,15,1,14
BRDA:214,16,0,15
BRDA:214,16,1,2
BRDA:220,17,0,2
BRDA:220,17,1,5
BRDA:227,18,0,2
BRDA:227,18,1,5
BRDA:234,19,0,17
BRDA:234,19,1,1
BRDA:235,20,0,16
BRDA:235,20,1,2
BRDA:242,21,0,9
BRDA:242,21,1,9
BRDA:263,22,0,0
BRDA:263,22,1,14
BRDA:269,23,0,0
BRDA:275,24,0,0
BRDA:278,25,0,0
BRDA:278,25,1,0
BRDA:286,26,0,15
BRDA:286,26,1,2
BRDA:287,27,0,15
BRDA:287,27,1,15
BRDA:288,28,0,2
BRDA:288,28,1,0
BRDA:289,29,0,2
BRDA:289,29,1,2
BRF:58
BRH:47
end_of_record
TN:
SF:/Users/yudayu/hx-ui/src/components/image-preview/image-preview.vue
FN:123,(anonymous_0)
FN:130,(anonymous_1)
FN:138,(anonymous_2)
FN:139,(anonymous_3)
FN:199,(anonymous_4)
FN:227,(anonymous_5)
FN:259,(anonymous_6)
FNF:7
FNH:7
FNDA:4,(anonymous_0)
FNDA:4,(anonymous_1)
FNDA:4,(anonymous_2)
FNDA:12,(anonymous_3)
FNDA:39,(anonymous_4)
FNDA:8,(anonymous_5)
FNDA:1,(anonymous_6)
DA:53,1
DA:54,1
DA:55,1
DA:86,4
DA:117,1
DA:122,4
DA:123,4
DA:124,4
DA:125,4
DA:130,4
DA:131,4
DA:132,4
DA:133,4
DA:138,4
DA:139,4
DA:140,12
DA:141,12
DA:142,12
DA:143,12
DA:144,12
DA:149,3
DA:150,3
DA:153,1
DA:154,1
DA:157,2
DA:158,2
DA:161,1
DA:162,1
DA:166,12
DA:171,7
DA:172,6
DA:173,6
DA:174,6
DA:176,6
DA:183,7
DA:186,6
DA:187,6
DA:188,6
DA:191,2
DA:192,2
DA:193,0
DA:195,2
DA:199,13
DA:200,39
DA:204,7
DA:205,7
DA:206,7
DA:207,7
DA:210,2
DA:211,2
DA:216,2
DA:219,40
DA:220,40
DA:221,1
DA:222,1
DA:224,40
DA:225,40
DA:226,40
DA:227,40
DA:228,8
DA:232,176
DA:233,5
DA:234,5
DA:235,5
DA:236,2
DA:237,2
DA:239,3
DA:240,3
DA:243,171
DA:244,3
DA:245,3
DA:249,1
DA:252,2
DA:253,2
DA:254,2
DA:255,2
DA:258,1
DA:259,1
DA:260,1
DA:264,2
LF:80
LH:79
BRDA:154,0,0,1
BRDA:154,0,1,1
BRDA:158,1,0,2
BRDA:158,1,1,2
BRDA:162,2,0,1
BRDA:162,2,1,1
BRDA:166,3,0,0
BRDA:166,4,0,12
BRDA:166,4,1,12
BRDA:171,5,0,6
BRDA:171,5,1,1
BRDA:171,6,0,7
BRDA:171,6,1,7
BRDA:173,7,0,6
BRDA:173,7,1,0
BRDA:176,8,0,6
BRDA:192,9,0,0
BRDA:192,9,1,2
BRDA:192,10,0,2
BRDA:192,10,1,0
BRDA:220,11,0,1
BRDA:220,11,1,39
BRDA:232,12,0,5
BRDA:232,12,1,171
BRDA:232,13,0,176
BRDA:232,13,1,6
BRDA:234,14,0,0
BRDA:234,14,1,5
BRDA:235,15,0,2
BRDA:235,15,1,3
BRDA:239,16,0,3
BRDA:239,16,1,0
BRDA:243,17,0,3
BRDA:243,17,1,168
BRDA:254,18,0,1
BRDA:254,18,1,1
BRDA:260,19,0,1
BRDA:260,19,1,1
BRF:38
BRH:32
end_of_record
TN:
SF:/Users/yudayu/hx-ui/src/modules/image-preview/api.js
FN:3,addImagePreview
FNF:1
FNH:1
FNDA:1,addImagePreview
DA:4,1
LF:1
LH:1
BRF:0
BRH:0
end_of_record
TN:
SF:/Users/yudayu/hx-ui/src/modules/image-preview/index.js
FN:4,(anonymous_0)
FNF:1
FNH:1
FNDA:1,(anonymous_0)
DA:4,1
DA:5,1
DA:6,1
LF:3
LH:3
BRF:0
BRH:0
end_of_record
TN:
SF:/Users/yudayu/hx-ui/src/components/index-list/index-list-item.vue
FNF:0
FNH:0
DA:22,1
DA:23,1
DA:24,1
DA:32,1
DA:38,110
DA:43,2
DA:46,2
DA:49,2
LF:8
LH:8
BRDA:38,0,0,0
BRDA:38,0,1,110
BRF:2
BRH:1
end_of_record
TN:
SF:/Users/yudayu/hx-ui/src/components/index-list/index-list-group.vue
FNF:0
FNH:0
DA:15,1
DA:16,1
DA:24,1
DA:30,2
LF:4
LH:4
BRF:0
BRH:0
end_of_record
TN:
SF:/Users/yudayu/hx-ui/src/components/index-list/index-list.vue
FN:138,(anonymous_0)
FN:156,(anonymous_1)
FN:178,(anonymous_2)
FN:239,(anonymous_3)
FN:244,(anonymous_4)
FNF:5
FNH:4
FNDA:40,(anonymous_0)
FNDA:8,(anonymous_1)
FNDA:0,(anonymous_2)
FNDA:1,(anonymous_3)
FNDA:1,(anonymous_4)
DA:73,1
DA:74,1
DA:75,1
DA:76,1
DA:77,1
DA:79,1
DA:80,1
DA:93,1
DA:120,8
DA:130,9
DA:133,216
DA:135,216
DA:138,8
DA:139,40
DA:143,8
DA:150,8
DA:151,8
DA:152,8
DA:153,8
DA:156,8
DA:157,8
DA:163,11
DA:164,11
DA:165,11
DA:168,2
DA:171,199
DA:174,1
DA:177,1
DA:178,1
DA:179,0
DA:183,3
DA:184,3
DA:185,3
DA:186,3
DA:187,3
DA:188,3
DA:190,3
DA:193,3
DA:194,3
DA:195,3
DA:196,3
DA:198,3
DA:201,1
DA:204,1
DA:207,16
DA:210,12
DA:211,12
DA:212,12
DA:213,12
DA:215,12
DA:216,0
DA:219,12
DA:220,12
DA:221,12
DA:222,60
DA:223,60
DA:224,60
DA:228,6
DA:229,1
DA:230,5
DA:231,1
DA:233,6
DA:234,6
DA:239,1
DA:240,1
DA:244,1
DA:245,1
DA:249,179
DA:250,179
DA:251,155
DA:253,24
DA:254,24
DA:257,202
DA:259,202
DA:260,21
DA:261,21
DA:264,181
DA:265,620
DA:266,620
DA:267,620
DA:268,180
DA:269,180
DA:270,180
DA:274,1
LF:84
LH:82
BRDA:79,0,0,1
BRDA:79,0,1,0
BRDA:79,1,0,0
BRDA:79,1,1,1
BRDA:130,2,0,9
BRDA:130,2,1,4
BRDA:133,3,0,216
BRDA:133,3,1,212
BRDA:133,3,2,5
BRDA:135,4,0,188
BRDA:135,4,1,28
BRDA:135,5,0,216
BRDA:135,5,1,190
BRDA:139,6,0,39
BRDA:139,6,1,1
BRDA:139,7,0,39
BRDA:139,7,1,39
BRDA:165,8,0,11
BRDA:165,8,1,8
BRDA:176,9,0,1
BRDA:176,10,0,1
BRDA:178,11,0,1
BRDA:178,11,1,0
BRDA:184,12,0,0
BRDA:184,12,1,3
BRDA:207,13,0,7
BRDA:207,13,1,9
BRDA:212,14,0,12
BRDA:212,14,1,0
BRDA:215,15,0,0
BRDA:215,15,1,12
BRDA:228,16,0,1
BRDA:228,16,1,5
BRDA:230,17,0,1
BRDA:230,17,1,4
BRDA:249,18,0,20
BRDA:249,18,1,159
BRDA:249,19,0,179
BRDA:249,19,1,179
BRDA:250,20,0,155
BRDA:250,20,1,24
BRDA:259,21,0,21
BRDA:259,21,1,181
BRDA:267,22,0,180
BRDA:267,22,1,440
BRDA:267,23,0,620
BRDA:267,23,1,620
BRF:47
BRH:41
end_of_record
TN:
SF:/Users/yudayu/hx-ui/src/modules/index-list/index.js
FN:5,(anonymous_0)
FNF:1
FNH:1
FNDA:1,(anonymous_0)
DA:5,1
DA:6,1
DA:7,1
DA:8,1
DA:11,1
DA:12,1
LF:6
LH:6
BRF:0
BRH:0
end_of_record
TN:
SF:/Users/yudayu/hx-ui/src/modules/input/index.js
FN:3,(anonymous_0)
FNF:1
FNH:1
FNDA:1,(anonymous_0)
DA:3,1
DA:4,1
LF:2
LH:2
BRF:0
BRH:0
end_of_record
TN:
SF:/Users/yudayu/hx-ui/src/modules/loading/index.js
FN:3,(anonymous_0)
FNF:1
FNH:1
FNDA:1,(anonymous_0)
DA:3,1
DA:4,1
LF:2
LH:2
BRF:0
BRH:0
end_of_record
TN:
SF:/Users/yudayu/hx-ui/src/locale/lang/en-US.js
FNF:0
FNH:0
LF:0
LH:0
BRF:0
BRH:0
end_of_record
TN:
SF:/Users/yudayu/hx-ui/src/modules/picker/index.js
FN:5,(anonymous_0)
FNF:1
FNH:1
FNDA:1,(anonymous_0)
DA:5,1
DA:6,1
DA:7,1
DA:8,1
LF:4
LH:4
BRF:0
BRH:0
end_of_record
TN:
SF:/Users/yudayu/hx-ui/src/modules/popup/api.js
FN:3,addPopup
FNF:1
FNH:1
FNDA:1,addPopup
DA:4,1
LF:1
LH:1
BRF:0
BRH:0
end_of_record
TN:
SF:/Users/yudayu/hx-ui/src/modules/popup/index.js
FN:4,(anonymous_0)
FNF:1
FNH:1
FNDA:1,(anonymous_0)
DA:4,1
DA:5,1
DA:6,1
LF:3
LH:3
BRF:0
BRH:0
end_of_record
TN:
SF:/Users/yudayu/hx-ui/src/modules/radio/index.js
FN:4,(anonymous_0)
FNF:1
FNH:0
FNDA:0,(anonymous_0)
DA:4,1
DA:5,0
DA:6,0
DA:9,1
LF:4
LH:2
BRF:0
BRH:0
end_of_record
TN:
SF:/Users/yudayu/hx-ui/src/modules/rate/index.js
FN:4,(anonymous_0)
FNF:1
FNH:1
FNDA:1,(anonymous_0)
DA:4,1
DA:5,1
DA:6,1
DA:8,1
LF:4
LH:4
BRF:0
BRH:0
end_of_record
TN:
SF:/Users/yudayu/hx-ui/src/components/recycle-list/recycle-list.vue
FN:149,(anonymous_0)
FN:204,(anonymous_1)
FN:209,(anonymous_2)
FN:297,(anonymous_3)
FN:312,(anonymous_4)
FNF:5
FNH:5
FNDA:9,(anonymous_0)
FNDA:160,(anonymous_1)
FNDA:16,(anonymous_2)
FNDA:7,(anonymous_3)
FNDA:10,(anonymous_4)
DA:65,1
DA:66,1
DA:67,1
DA:68,1
DA:73,5
DA:101,19
DA:104,5
DA:107,5
DA:111,5
DA:112,5
DA:115,5
DA:116,5
DA:117,5
DA:118,5
DA:121,5
DA:122,5
DA:127,5
DA:132,9
DA:133,6
DA:134,6
DA:136,6
DA:137,6
DA:138,6
DA:139,6
DA:140,3
DA:141,3
DA:145,9
DA:146,9
DA:147,9
DA:148,9
DA:149,9
DA:150,9
DA:152,9
DA:155,9
DA:156,9
DA:157,9
DA:158,3
DA:165,3
DA:166,3
DA:167,3
DA:168,3
DA:169,18
DA:171,3
DA:174,3
DA:175,3
DA:176,3
DA:177,3
DA:180,9
DA:181,9
DA:182,9
DA:183,75
DA:187,9
DA:188,9
DA:189,9
DA:190,9
DA:193,16
DA:194,16
DA:196,16
DA:197,160
DA:199,160
DA:202,160
DA:204,160
DA:205,160
DA:209,16
DA:210,16
DA:211,16
DA:215,160
DA:225,160
DA:226,160
DA:227,160
DA:228,70
DA:229,90
DA:230,75
DA:234,19
DA:235,19
DA:239,19
DA:240,240
DA:241,240
DA:244,240
DA:247,240
DA:248,240
DA:251,19
DA:255,22
DA:257,22
DA:258,22
DA:259,84
DA:260,84
DA:261,17
DA:262,17
DA:267,1
DA:297,1
DA:298,7
DA:300,1
DA:301,1
DA:305,3
DA:306,3
DA:308,3
DA:311,1
DA:312,1
DA:313,10
DA:315,1
LF:101
LH:101
BRDA:104,0,0,3
BRDA:104,0,1,2
BRDA:104,1,0,3
BRDA:104,1,1,3
BRDA:127,2,0,5
BRDA:132,3,0,6
BRDA:132,3,1,3
BRDA:140,4,0,3
BRDA:140,4,1,0
BRDA:152,5,0,9
BRDA:157,6,0,3
BRDA:157,6,1,6
BRDA:169,7,0,3
BRDA:169,7,1,15
BRDA:169,8,0,18
BRDA:169,8,1,18
BRDA:199,9,0,160
BRDA:199,10,0,160
BRDA:199,10,1,70
BRDA:216,11,0,160
BRDA:216,11,1,75
BRDA:220,12,0,85
BRDA:220,12,1,75
BRDA:227,13,0,70
BRDA:227,13,1,90
BRDA:227,14,0,160
BRDA:227,14,1,80
BRDA:229,15,0,75
BRDA:229,15,1,15
BRDA:244,16,0,240
BRDA:247,17,0,221
BRDA:247,17,1,19
BRDA:260,18,0,17
BRDA:260,18,1,67
BRDA:260,19,0,84
BRDA:260,19,1,84
BRDA:305,20,0,3
BRDA:305,20,1,0
BRDA:305,21,0,3
BRDA:305,21,1,3
BRF:40
BRH:38
end_of_record
TN:
SF:/Users/yudayu/hx-ui/src/modules/recycle-list/index.js
FN:3,(anonymous_0)
FNF:1
FNH:1
FNDA:1,(anonymous_0)
DA:3,1
DA:4,1
LF:2
LH:2
BRF:0
BRH:0
end_of_record
TN:
SF:/Users/yudayu/hx-ui/src/components/scroll-nav-bar/scroll-nav-bar.vue
FN:101,(anonymous_0)
FN:123,(anonymous_1)
FN:134,(anonymous_2)
FNF:3
FNH:3
FNDA:5,(anonymous_0)
FNDA:29,(anonymous_1)
FNDA:94,(anonymous_2)
DA:32,1
DA:33,1
DA:35,1
DA:36,1
DA:51,188
DA:64,3
DA:75,7
DA:82,5
DA:83,1
DA:87,4
DA:90,13
DA:93,15
DA:94,15
DA:98,7
DA:99,7
DA:101,5
DA:102,5
DA:107,7
DA:111,4
DA:112,1
DA:114,3
DA:115,3
DA:118,9
DA:119,9
DA:123,29
DA:124,29
DA:125,29
DA:126,29
DA:127,29
DA:128,29
DA:129,29
DA:130,29
DA:131,29
DA:132,29
DA:133,29
DA:134,29
DA:135,94
DA:136,29
DA:137,29
DA:139,65
DA:140,65
DA:142,29
DA:143,29
DA:144,29
LF:44
LH:44
BRDA:51,0,0,188
BRDA:51,0,1,134
BRDA:82,1,0,1
BRDA:82,1,1,4
BRDA:98,2,0,7
BRDA:98,2,1,4
BRDA:99,3,0,5
BRDA:99,3,1,2
BRDA:107,4,0,7
BRDA:107,4,1,4
BRDA:111,5,0,1
BRDA:111,5,1,3
BRDA:115,6,0,3
BRDA:115,6,1,1
BRDA:125,7,0,15
BRDA:125,7,1,14
BRDA:135,8,0,29
BRDA:135,8,1,65
BRDA:144,9,0,15
BRDA:144,9,1,14
BRDA:144,10,0,15
BRDA:144,10,1,14
BRF:22
BRH:22
end_of_record
TN:
SF:/Users/yudayu/hx-ui/src/modules/scroll-nav-bar/index.js
FN:3,(anonymous_0)
FNF:1
FNH:1
FNDA:1,(anonymous_0)
DA:3,1
DA:4,1
LF:2
LH:2
BRF:0
BRH:0
end_of_record
TN:
SF:/Users/yudayu/hx-ui/src/components/sticky/sticky.vue
FN:89,(anonymous_0)
FN:134,(anonymous_1)
FN:135,(anonymous_2)
FN:181,(anonymous_3)
FNF:4
FNH:4
FNDA:27,(anonymous_0)
FNDA:20,(anonymous_1)
FNDA:92,(anonymous_2)
FNDA:92,(anonymous_3)
DA:21,1
DA:22,1
DA:23,1
DA:25,1
DA:30,12
DA:46,12
DA:55,12
DA:64,39
DA:65,39
DA:70,169
DA:71,124
DA:73,169
DA:74,169
DA:75,123
DA:77,46
DA:78,46
DA:82,27
DA:83,27
DA:85,27
DA:86,27
DA:87,27
DA:89,27
DA:90,27
DA:91,8
DA:93,19
DA:94,19
DA:95,12
DA:96,12
DA:98,19
DA:99,17
DA:100,17
DA:102,2
DA:107,27
DA:108,27
DA:111,331
DA:112,331
DA:116,12
DA:117,12
DA:118,12
DA:119,12
DA:122,12
DA:126,52
DA:129,52
DA:130,52
DA:131,52
DA:134,20
DA:135,20
DA:136,92
DA:138,20
DA:139,20
DA:143,356
DA:145,356
DA:146,356
DA:147,356
DA:149,356
DA:150,356
DA:151,1219
DA:152,1219
DA:155,1219
DA:156,1209
DA:157,1209
DA:159,10
DA:160,10
DA:162,1219
DA:164,1219
DA:165,336
DA:166,336
DA:167,336
DA:168,336
DA:169,170
DA:171,166
DA:173,336
DA:176,20
DA:177,20
DA:180,20
DA:181,20
DA:182,92
DA:183,92
DA:184,92
DA:186,20
LF:80
LH:80
BRDA:46,0,0,11
BRDA:46,0,1,1
BRDA:70,1,0,124
BRDA:70,1,1,45
BRDA:74,2,0,123
BRDA:74,2,1,46
BRDA:85,3,0,20
BRDA:85,3,1,7
BRDA:85,4,0,27
BRDA:85,4,1,23
BRDA:85,5,0,4
BRDA:85,5,1,3
BRDA:87,6,0,27
BRDA:87,6,1,22
BRDA:90,7,0,8
BRDA:90,7,1,19
BRDA:94,8,0,12
BRDA:94,8,1,7
BRDA:98,9,0,17
BRDA:98,9,1,2
BRDA:111,10,0,331
BRDA:111,10,1,3
BRDA:152,11,0,356
BRDA:152,11,1,863
BRDA:155,12,0,1209
BRDA:155,12,1,10
BRDA:164,13,0,336
BRDA:164,13,1,883
BRDA:164,14,0,1219
BRDA:164,14,1,336
BRDA:168,15,0,170
BRDA:168,15,1,166
BRDA:168,16,0,336
BRDA:168,16,1,336
BRDA:169,17,0,170
BRDA:169,17,1,45
BRF:36
BRH:36
end_of_record
TN:
SF:/Users/yudayu/hx-ui/src/components/sticky/sticky-ele.vue
FNF:0
FNH:0
DA:10,1
DA:21,52
DA:25,104
DA:26,104
DA:27,104
DA:28,104
DA:33,52
LF:7
LH:7
BRDA:26,0,0,104
BRDA:26,0,1,0
BRF:2
BRH:1
end_of_record
TN:
SF:/Users/yudayu/hx-ui/src/components/scroll-nav/scroll-nav.vue
FN:91,(anonymous_0)
FN:94,(anonymous_1)
FN:115,(anonymous_2)
FN:145,(anonymous_3)
FN:162,(anonymous_4)
FN:183,(anonymous_5)
FNF:6
FNH:6
FNDA:36,(anonymous_0)
FNDA:36,(anonymous_1)
FNDA:4,(anonymous_2)
FNDA:1,(anonymous_3)
FNDA:9,(anonymous_4)
FNDA:4,(anonymous_5)
DA:48,1
DA:49,1
DA:51,1
DA:52,1
DA:53,1
DA:58,4
DA:81,4
DA:91,36
DA:94,36
DA:97,4
DA:102,1
DA:103,1
DA:104,1
DA:107,11
DA:111,4
DA:112,4
DA:115,4
DA:116,4
DA:117,2
DA:118,2
DA:120,4
DA:121,2
DA:123,4
DA:124,4
DA:129,0
DA:132,4
DA:133,4
DA:134,4
DA:135,4
DA:136,4
DA:139,8
DA:142,1
DA:145,1
DA:146,1
DA:150,6
DA:151,2
DA:153,4
DA:154,4
DA:155,4
DA:156,4
DA:157,4
DA:161,4
DA:162,4
DA:163,9
DA:164,4
DA:165,4
DA:168,4
DA:171,15
DA:172,1
DA:174,15
DA:175,15
DA:176,7
DA:178,8
DA:183,4
DA:184,4
DA:186,4
DA:189,170
DA:190,170
DA:191,90
DA:195,6
DA:198,36
DA:201,36
DA:202,36
LF:63
LH:62
BRDA:97,0,0,2
BRDA:97,0,1,2
BRDA:116,1,0,2
BRDA:116,1,1,2
BRDA:120,2,0,2
BRDA:120,2,1,2
BRDA:129,3,0,0
BRDA:129,3,1,0
BRDA:132,4,0,4
BRDA:132,4,1,4
BRDA:135,5,0,2
BRDA:135,5,1,2
BRDA:150,6,0,2
BRDA:150,6,1,4
BRDA:154,7,0,4
BRDA:154,7,1,0
BRDA:157,8,0,2
BRDA:157,8,1,2
BRDA:163,9,0,4
BRDA:163,9,1,5
BRDA:171,10,0,1
BRDA:171,10,1,14
BRDA:175,11,0,7
BRDA:175,11,1,8
BRDA:184,12,0,4
BRDA:184,12,1,4
BRDA:190,13,0,90
BRDA:190,13,1,80
BRF:28
BRH:25
end_of_record
TN:
SF:/Users/yudayu/hx-ui/src/components/scroll-nav/scroll-nav-panel.vue
FNF:0
FNH:0
DA:13,1
DA:32,36
DA:35,36
LF:3
LH:3
BRF:0
BRH:0
end_of_record
TN:
SF:/Users/yudayu/hx-ui/src/modules/scroll-nav/index.js
FN:5,(anonymous_0)
FNF:1
FNH:1
FNDA:1,(anonymous_0)
DA:5,1
DA:6,1
DA:7,1
DA:8,1
DA:11,1
DA:12,1
LF:6
LH:6
BRF:0
BRH:0
end_of_record
TN:
SF:/Users/yudayu/hx-ui/src/modules/scroll/index.js
FN:3,(anonymous_0)
FNF:1
FNH:1
FNDA:1,(anonymous_0)
DA:3,1
DA:4,1
LF:2
LH:2
BRF:0
BRH:0
end_of_record
TN:
SF:/Users/yudayu/hx-ui/src/components/segment-picker/segment-picker.vue
FNF:0
FNH:0
DA:32,1
DA:33,1
DA:34,1
DA:35,1
DA:36,1
DA:37,1
DA:46,2
DA:59,5
DA:69,5
DA:70,7
DA:71,7
DA:72,5
DA:77,3
DA:80,3
DA:85,1
DA:86,1
DA:87,1
DA:88,1
DA:93,3
DA:94,1
DA:96,2
DA:97,2
DA:100,1
DA:101,1
DA:103,0
DA:104,0
DA:107,3
DA:108,3
DA:109,3
DA:111,3
DA:112,2
DA:113,2
DA:114,2
DA:116,1
DA:117,1
DA:118,1
DA:122,2
DA:123,1
DA:124,1
DA:125,1
DA:127,1
DA:128,1
DA:132,1
LF:43
LH:41
BRDA:71,0,0,5
BRDA:71,0,1,2
BRDA:77,1,0,3
BRDA:77,1,1,2
BRDA:80,2,0,3
BRDA:80,2,1,2
BRDA:93,3,0,1
BRDA:93,3,1,2
BRDA:93,4,0,3
BRDA:93,4,1,3
BRDA:100,5,0,1
BRDA:100,5,1,0
BRDA:100,6,0,1
BRDA:100,6,1,0
BRDA:111,7,0,2
BRDA:111,7,1,1
BRDA:122,8,0,1
BRDA:122,8,1,1
BRF:18
BRH:16
end_of_record
TN:
SF:/Users/yudayu/hx-ui/src/modules/segment-picker/api.js
FN:4,addSegmentPicker
FN:6,(anonymous_1)
FNF:2
FNH:2
FNDA:1,addSegmentPicker
FNDA:1,(anonymous_1)
DA:5,1
DA:6,1
DA:7,1
DA:8,1
LF:4
LH:4
BRDA:7,0,0,1
BRDA:7,0,1,0
BRF:2
BRH:1
end_of_record
TN:
SF:/Users/yudayu/hx-ui/src/modules/segment-picker/index.js
FN:9,(anonymous_0)
FNF:1
FNH:1
FNDA:1,(anonymous_0)
DA:9,1
DA:10,1
DA:11,1
DA:12,1
DA:13,1
DA:14,1
DA:15,1
DA:16,1
DA:19,1
DA:20,1
DA:21,1
LF:11
LH:11
BRF:0
BRH:0
end_of_record
TN:
SF:/Users/yudayu/hx-ui/example/data/area.js
FNF:0
FNH:0
DA:1,1
DA:98,1
DA:1883,1
LF:3
LH:3
BRF:0
BRH:0
end_of_record
TN:
SF:/Users/yudayu/hx-ui/example/data/picker.js
FNF:0
FNH:0
DA:1,1
DA:62,1
DA:95,1
DA:121,1
LF:4
LH:4
BRF:0
BRH:0
end_of_record
TN:
SF:/Users/yudayu/hx-ui/src/modules/select/index.js
FN:6,(anonymous_0)
FNF:1
FNH:1
FNDA:1,(anonymous_0)
DA:6,1
DA:7,1
DA:8,1
DA:9,1
DA:10,1
DA:13,1
LF:6
LH:6
BRF:0
BRH:0
end_of_record
TN:
SF:/Users/yudayu/hx-ui/src/modules/slide/index.js
FN:4,(anonymous_0)
FNF:1
FNH:1
FNDA:1,(anonymous_0)
DA:4,1
DA:5,1
DA:6,1
DA:9,1
LF:4
LH:4
BRF:0
BRH:0
end_of_record
TN:
SF:/Users/yudayu/hx-ui/src/modules/sticky/index.js
FN:4,(anonymous_0)
FNF:1
FNH:1
FNDA:1,(anonymous_0)
DA:4,1
DA:5,1
DA:6,1
DA:9,1
LF:4
LH:4
BRF:0
BRH:0
end_of_record
TN:
SF:/Users/yudayu/hx-ui/src/common/helpers/ease.js
FNF:0
FNH:0
DA:1,1
DA:2,1
DA:3,1
LF:3
LH:3
BRF:0
BRH:0
end_of_record
TN:
SF:/Users/yudayu/hx-ui/src/components/swipe/swipe-item.vue
FN:80,(anonymous_0)
FN:92,(anonymous_1)
FN:206,(anonymous_2)
FN:264,(anonymous_3)
FNF:4
FNH:4
FNDA:1,(anonymous_0)
FNDA:92,(anonymous_1)
FNDA:6,(anonymous_2)
FNDA:1,(anonymous_3)
DA:34,1
DA:35,1
DA:36,1
DA:37,1
DA:38,1
DA:39,1
DA:40,1
DA:41,1
DA:42,1
DA:43,1
DA:44,1
DA:45,1
DA:46,1
DA:48,1
DA:49,1
DA:50,1
DA:51,1
DA:60,0
DA:66,1
DA:80,1
DA:81,1
DA:86,92
DA:87,92
DA:88,92
DA:91,92
DA:92,92
DA:93,92
DA:95,92
DA:99,92
DA:100,92
DA:101,92
DA:102,185
DA:109,13
DA:112,13
DA:113,13
DA:114,13
DA:115,13
DA:116,26
DA:117,26
DA:119,26
DA:120,26
DA:121,0
DA:123,26
DA:125,26
DA:126,26
DA:127,26
DA:128,26
DA:132,1
DA:133,1
DA:134,1
DA:135,0
DA:136,0
DA:137,0
DA:139,0
DA:141,1
DA:144,92
DA:145,92
DA:146,92
DA:147,185
DA:149,92
DA:152,72
DA:153,72
DA:154,72
DA:157,12
DA:160,12
DA:163,71
DA:166,2
DA:167,2
DA:168,2
DA:169,2
DA:173,12
DA:176,12
DA:177,12
DA:178,12
DA:179,12
DA:180,24
DA:181,24
DA:182,12
DA:184,12
DA:186,24
DA:187,24
DA:188,24
DA:189,24
DA:190,24
DA:191,24
DA:192,0
DA:197,93
DA:198,92
DA:199,92
DA:201,93
DA:204,6
DA:205,6
DA:206,6
DA:207,6
DA:208,6
DA:212,6
DA:213,6
DA:214,6
DA:215,6
DA:216,6
DA:219,12
DA:220,12
DA:221,12
DA:222,12
DA:223,12
DA:224,12
DA:228,185
DA:231,1
DA:232,1
DA:235,1
DA:236,1
DA:237,1
DA:238,1
DA:242,18
DA:243,2
DA:244,2
DA:245,2
DA:246,2
DA:250,12
DA:251,12
DA:252,12
DA:253,12
DA:254,12
DA:255,12
DA:256,12
DA:257,12
DA:258,12
DA:259,12
DA:260,12
DA:261,12
DA:262,12
DA:263,12
DA:264,1
DA:265,1
DA:270,13
DA:271,2
DA:272,2
DA:275,13
DA:278,13
DA:279,13
DA:280,13
DA:281,13
DA:282,13
DA:283,13
DA:285,13
DA:286,13
DA:287,13
DA:288,13
DA:290,13
DA:291,1
DA:294,12
DA:295,12
DA:296,1
DA:299,11
DA:301,11
DA:302,11
DA:303,1
DA:305,11
DA:306,2
DA:308,11
DA:309,9
DA:312,11
DA:314,11
DA:315,5
DA:316,5
DA:319,11
DA:322,11
DA:323,2
DA:325,9
DA:326,2
DA:327,2
DA:329,7
DA:330,7
DA:331,7
DA:332,7
DA:333,6
DA:335,1
DA:339,47
DA:340,47
DA:341,47
DA:345,0
LF:181
LH:173
BRDA:109,0,0,13
BRDA:120,1,0,0
BRDA:120,1,1,26
BRDA:134,2,0,1
BRDA:134,2,1,1
BRDA:135,3,0,0
BRDA:135,3,1,0
BRDA:152,4,0,23
BRDA:152,4,1,49
BRDA:156,5,0,12
BRDA:162,6,0,59
BRDA:168,7,0,2
BRDA:168,7,1,2
BRDA:173,8,0,12
BRDA:181,9,0,12
BRDA:181,9,1,12
BRDA:191,10,0,0
BRDA:191,10,1,24
BRDA:197,11,0,92
BRDA:197,11,1,1
BRDA:223,12,0,12
BRDA:223,12,1,0
BRDA:237,13,0,1
BRDA:237,13,1,0
BRDA:242,14,0,2
BRDA:242,14,1,16
BRDA:244,15,0,0
BRDA:244,15,1,2
BRDA:263,16,0,1
BRDA:263,16,1,11
BRDA:263,17,0,12
BRDA:263,17,1,1
BRDA:270,18,0,2
BRDA:270,18,1,11
BRDA:275,19,0,13
BRDA:290,20,0,1
BRDA:290,20,1,12
BRDA:295,21,0,1
BRDA:295,21,1,11
BRDA:295,22,0,12
BRDA:295,22,1,12
BRDA:299,23,0,2
BRDA:299,23,1,9
BRDA:299,24,0,9
BRDA:299,24,1,0
BRDA:302,25,0,1
BRDA:302,25,1,10
BRDA:305,26,0,2
BRDA:305,26,1,9
BRDA:308,27,0,9
BRDA:308,27,1,2
BRDA:314,28,0,5
BRDA:314,28,1,6
BRDA:322,29,0,2
BRDA:322,29,1,9
BRDA:325,30,0,2
BRDA:325,30,1,7
BRDA:332,31,0,6
BRDA:332,31,1,1
BRDA:332,32,0,7
BRDA:332,32,1,7
BRDA:332,32,2,2
BRF:62
BRH:54
end_of_record
TN:
SF:/Users/yudayu/hx-ui/src/components/swipe/swipe.vue
FNF:0
FNH:0
DA:20,1
DA:21,1
DA:22,1
DA:27,15
DA:35,1
DA:44,15
DA:45,15
DA:49,92
DA:52,0
DA:53,0
DA:54,0
DA:55,0
DA:59,1
DA:62,1
DA:63,1
DA:66,12
DA:67,1
DA:69,11
DA:70,1
DA:71,1
DA:73,11
LF:21
LH:17
BRDA:54,0,0,0
BRDA:54,0,1,0
BRDA:66,1,0,1
BRDA:66,1,1,11
BRDA:69,2,0,1
BRDA:69,2,1,10
BRF:6
BRH:4
end_of_record
TN:
SF:/Users/yudayu/hx-ui/src/modules/swipe/index.js
FN:4,(anonymous_0)
FNF:1
FNH:1
FNDA:1,(anonymous_0)
DA:4,1
DA:5,1
DA:6,1
DA:9,1
LF:4
LH:4
BRF:0
BRH:0
end_of_record
TN:
SF:/Users/yudayu/hx-ui/src/modules/switch/index.js
FN:3,(anonymous_0)
FNF:1
FNH:1
FNDA:1,(anonymous_0)
DA:3,1
DA:4,1
LF:2
LH:2
BRF:0
BRH:0
end_of_record
TN:
SF:/Users/yudayu/hx-ui/src/components/tab-bar/tab.vue
FNF:0
FNH:0
DA:15,1
DA:27,10
DA:36,10
DA:39,1
DA:43,16
DA:48,3
LF:6
LH:6
BRF:0
BRH:0
end_of_record
TN:
SF:/Users/yudayu/hx-ui/src/components/tab-bar/tab-bar.vue
FN:96,(anonymous_0)
FN:105,(anonymous_1)
FN:125,(anonymous_2)
FN:138,(anonymous_3)
FNF:4
FNH:4
FNDA:6,(anonymous_0)
FNDA:33,(anonymous_1)
FNDA:65,(anonymous_2)
FNDA:47,(anonymous_3)
DA:20,1
DA:22,1
DA:23,1
DA:24,1
DA:26,1
DA:27,1
DA:42,4
DA:60,3
DA:64,5
DA:67,5
DA:68,5
DA:84,10
DA:87,1
DA:88,1
DA:92,3
DA:94,3
DA:95,3
DA:96,3
DA:97,6
DA:103,55
DA:104,33
DA:105,33
DA:106,33
DA:107,33
DA:108,33
DA:112,33
DA:113,33
DA:114,33
DA:116,33
DA:117,33
DA:118,33
DA:122,33
DA:123,33
DA:124,33
DA:125,65
DA:126,33
DA:128,33
DA:134,33
DA:137,198
DA:138,198
DA:139,47
DA:143,0
DA:144,0
LF:43
LH:41
BRDA:88,0,0,1
BRDA:88,0,1,0
BRDA:94,1,0,3
BRDA:94,1,1,0
BRDA:103,2,0,33
BRDA:113,3,0,33
BRDA:113,3,1,0
BRDA:116,4,0,33
BRDA:116,4,1,0
BRDA:117,5,0,33
BRDA:117,5,1,0
BRDA:124,6,0,33
BRDA:124,6,1,0
BRDA:134,7,0,33
BRDA:134,7,1,1
BRF:15
BRH:9
end_of_record
TN:
SF:/Users/yudayu/hx-ui/src/modules/tab-bar/index.js
FN:3,(anonymous_0)
FNF:1
FNH:1
FNDA:1,(anonymous_0)
DA:3,1
DA:4,1
DA:5,1
DA:8,1
LF:4
LH:4
BRF:0
BRH:0
end_of_record
TN:
SF:/Users/yudayu/hx-ui/src/components/tab-panels/tab-panel.vue
FNF:0
FNH:0
DA:8,1
DA:20,4
DA:25,4
DA:28,1
LF:4
LH:4
BRF:0
BRH:0
end_of_record
TN:
SF:/Users/yudayu/hx-ui/src/components/tab-panels/tab-panels.vue
FN:47,(anonymous_0)
FNF:1
FNH:1
FNDA:4,(anonymous_0)
DA:21,1
DA:23,1
DA:24,1
DA:35,1
DA:40,2
DA:43,2
DA:47,4
DA:49,3
DA:52,3
DA:53,3
DA:54,3
DA:57,4
DA:60,1
DA:61,1
DA:66,1
LF:15
LH:15
BRDA:49,0,0,3
BRDA:61,1,0,1
BRDA:61,1,1,0
BRF:3
BRH:2
end_of_record
TN:
SF:/Users/yudayu/hx-ui/src/modules/tab-panels/index.js
FN:4,(anonymous_0)
FNF:1
FNH:1
FNDA:1,(anonymous_0)
DA:4,1
DA:5,1
DA:6,1
DA:9,1
LF:4
LH:4
BRF:0
BRH:0
end_of_record
TN:
SF:/Users/yudayu/hx-ui/src/modules/textarea/index.js
FN:3,(anonymous_0)
FNF:1
FNH:1
FNDA:1,(anonymous_0)
DA:3,1
DA:4,1
LF:2
LH:2
BRF:0
BRH:0
end_of_record
TN:
SF:/Users/yudayu/hx-ui/src/components/time-picker/time-picker.vue
FN:191,(anonymous_0)
FNF:1
FNH:1
FNDA:93,(anonymous_0)
DA:37,1
DA:38,1
DA:39,1
DA:40,1
DA:42,1
DA:46,1
DA:52,1
DA:72,26
DA:99,27
DA:107,27
DA:110,27
DA:114,27
DA:117,4
DA:118,4
DA:121,27
DA:122,27
DA:125,27
DA:126,27
DA:129,34
DA:132,34
DA:133,34
DA:135,34
DA:136,34
DA:139,34
DA:141,34
DA:142,34
DA:143,34
DA:145,34
DA:148,34
DA:149,34
DA:150,34
DA:152,34
DA:153,94
DA:154,94
DA:159,34
DA:162,22
DA:163,22
DA:164,528
DA:170,22
DA:173,26
DA:174,26
DA:175,268
DA:180,26
DA:183,34
DA:186,34
DA:187,1
DA:188,1
DA:191,33
DA:192,93
DA:193,93
DA:195,93
DA:196,31
DA:197,31
DA:200,62
DA:201,62
DA:202,62
DA:204,62
DA:205,931
DA:206,931
DA:208,931
DA:209,868
DA:214,868
DA:218,63
DA:219,63
DA:221,63
DA:222,63
DA:229,62
DA:232,33
DA:233,8
DA:240,33
DA:245,8
DA:246,1
DA:248,7
DA:250,7
DA:251,7
DA:254,1
DA:256,1
DA:259,7
DA:260,7
DA:262,7
DA:263,6
DA:266,1
DA:267,1
DA:269,1
DA:270,0
DA:271,0
DA:275,1
DA:276,1
DA:279,1
DA:282,1
DA:283,1
DA:286,1
DA:288,1
DA:292,7
DA:295,1
DA:300,3
DA:301,1
DA:302,1
DA:304,2
DA:305,2
DA:308,3
DA:309,3
DA:310,3
DA:313,1
LF:104
LH:102
BRDA:107,0,0,27
BRDA:107,0,1,26
BRDA:118,1,0,4
BRDA:118,1,1,4
BRDA:118,1,2,3
BRDA:122,2,0,27
BRDA:122,2,1,5
BRDA:122,2,2,23
BRDA:126,3,0,22
BRDA:126,3,1,5
BRDA:126,4,0,5
BRDA:126,4,1,1
BRDA:129,5,0,34
BRDA:129,5,1,28
BRDA:139,6,0,34
BRDA:139,6,1,28
BRDA:150,7,0,6
BRDA:150,7,1,28
BRDA:156,8,0,94
BRDA:156,8,1,94
BRDA:156,8,2,61
BRDA:186,9,0,1
BRDA:186,9,1,33
BRDA:195,10,0,31
BRDA:195,10,1,62
BRDA:195,11,0,93
BRDA:195,11,1,60
BRDA:201,12,0,33
BRDA:201,12,1,29
BRDA:202,13,0,33
BRDA:202,13,1,29
BRDA:205,14,0,931
BRDA:205,14,1,240
BRDA:206,15,0,931
BRDA:206,15,1,697
BRDA:208,16,0,868
BRDA:208,16,1,63
BRDA:208,17,0,931
BRDA:208,17,1,898
BRDA:218,18,0,33
BRDA:218,18,1,30
BRDA:219,19,0,33
BRDA:219,19,1,30
BRDA:232,20,0,8
BRDA:232,20,1,25
BRDA:245,21,0,1
BRDA:245,21,1,7
BRDA:256,22,0,1
BRDA:256,22,1,0
BRDA:262,23,0,6
BRDA:262,23,1,1
BRDA:269,24,0,0
BRDA:269,24,1,1
BRDA:276,25,0,0
BRDA:276,25,1,1
BRDA:277,26,0,0
BRDA:277,26,1,0
BRDA:283,27,0,0
BRDA:283,27,1,1
BRDA:283,28,0,1
BRDA:283,28,1,0
BRDA:283,29,0,0
BRDA:283,29,1,0
BRDA:300,30,0,1
BRDA:300,30,1,2
BRF:65
BRH:56
end_of_record
TN:
SF:/Users/yudayu/hx-ui/src/modules/time-picker/api.js
FN:4,addTimePicker
FN:6,(anonymous_1)
FNF:2
FNH:2
FNDA:1,addTimePicker
FNDA:1,(anonymous_1)
DA:5,1
DA:6,1
DA:7,1
DA:8,1
LF:4
LH:4
BRDA:7,0,0,1
BRDA:7,0,1,0
BRF:2
BRH:1
end_of_record
TN:
SF:/Users/yudayu/hx-ui/src/modules/time-picker/index.js
FN:7,(anonymous_0)
FNF:1
FNH:1
FNDA:1,(anonymous_0)
DA:7,1
DA:8,1
DA:9,1
DA:10,1
DA:11,1
DA:12,1
DA:15,1
LF:7
LH:7
BRF:0
BRH:0
end_of_record
TN:
SF:/Users/yudayu/hx-ui/src/components/tip/tip.vue
FN:45,(anonymous_0)
FN:83,(anonymous_1)
FN:89,(anonymous_2)
FNF:3
FNH:3
FNDA:4,(anonymous_0)
FNDA:16,(anonymous_1)
FNDA:1,(anonymous_2)
DA:15,1
DA:16,1
DA:17,1
DA:45,4
DA:46,4
DA:47,4
DA:53,4
DA:83,4
DA:84,16
DA:85,16
DA:86,2
DA:87,2
DA:88,2
DA:89,1
DA:90,1
DA:93,2
DA:100,1
DA:101,1
DA:104,1
DA:105,1
LF:20
LH:20
BRDA:85,0,0,2
BRDA:85,0,1,14
BRDA:87,1,0,1
BRDA:87,1,1,1
BRDA:88,2,0,1
BRDA:88,2,1,1
BRDA:88,3,0,2
BRDA:88,3,1,2
BRF:8
BRH:8
end_of_record
TN:
SF:/Users/yudayu/hx-ui/src/modules/tip/index.js
FN:3,(anonymous_0)
FNF:1
FNH:1
FNDA:1,(anonymous_0)
DA:3,1
DA:4,1
LF:2
LH:2
BRF:0
BRH:0
end_of_record
TN:
SF:/Users/yudayu/hx-ui/src/components/toast/toast.vue
FN:84,(anonymous_0)
FN:86,(anonymous_1)
FNF:2
FNH:2
FNDA:6,(anonymous_0)
FNDA:5,(anonymous_1)
DA:22,1
DA:24,1
DA:58,5
DA:59,5
DA:60,0
DA:62,5
DA:67,5
DA:68,5
DA:69,4
DA:71,5
DA:74,7
DA:79,0
DA:82,6
DA:83,6
DA:84,6
DA:85,6
DA:86,5
DA:87,5
DA:88,5
DA:94,6
DA:95,6
DA:98,12
DA:99,12
LF:23
LH:21
BRDA:59,0,0,0
BRDA:59,0,1,5
BRDA:68,1,0,4
BRDA:68,1,1,1
BRDA:79,2,0,0
BRDA:79,2,1,0
BRDA:85,3,0,5
BRDA:85,3,1,1
BRF:8
BRH:5
end_of_record
TN:
SF:/Users/yudayu/hx-ui/src/modules/toast/api.js
FN:3,addToast
FNF:1
FNH:1
FNDA:1,addToast
DA:4,1
LF:1
LH:1
BRF:0
BRH:0
end_of_record
TN:
SF:/Users/yudayu/hx-ui/src/modules/toast/index.js
FN:5,(anonymous_0)
FNF:1
FNH:1
FNDA:1,(anonymous_0)
DA:5,1
DA:6,1
DA:7,1
DA:8,1
DA:11,1
LF:5
LH:5
BRF:0
BRH:0
end_of_record
TN:
SF:/Users/yudayu/hx-ui/src/components/toolbar/toolbar-item.vue
FNF:0
FNH:0
DA:20,1
LF:1
LH:1
BRF:0
BRH:0
end_of_record
TN:
SF:/Users/yudayu/hx-ui/src/components/toolbar/toolbar.vue
FNF:0
FNH:0
DA:26,1
DA:27,1
DA:28,1
DA:48,3
DA:54,3
DA:55,3
DA:59,3
DA:64,2
DA:65,1
DA:66,1
DA:68,1
LF:11
LH:11
BRDA:55,0,0,3
BRDA:55,0,1,2
BRDA:64,1,0,1
BRDA:64,1,1,1
BRF:4
BRH:4
end_of_record
TN:
SF:/Users/yudayu/hx-ui/src/modules/toolbar/index.js
FN:5,(anonymous_0)
FNF:1
FNH:1
FNDA:1,(anonymous_0)
DA:5,1
DA:6,1
DA:7,1
DA:8,1
DA:11,1
DA:12,1
LF:6
LH:6
BRF:0
BRH:0
end_of_record
TN:
SF:/Users/yudayu/hx-ui/src/modules/upload/index.js
FN:5,(anonymous_0)
FNF:1
FNH:1
FNDA:1,(anonymous_0)
DA:5,1
DA:6,1
DA:7,1
DA:8,1
DA:11,1
DA:12,1
LF:6
LH:6
BRF:0
BRH:0
end_of_record
TN:
SF:/Users/yudayu/hx-ui/src/modules/validator/index.js
FN:5,(anonymous_0)
FNF:1
FNH:1
FNDA:1,(anonymous_0)
DA:5,1
DA:6,1
DA:7,1
DA:8,1
DA:11,1
DA:12,1
DA:13,1
DA:14,1
LF:8
LH:8
BRF:0
BRH:0
end_of_record
TN:
SF:/Users/yudayu/hx-ui/src/common/helpers/raf.js
FN:5,noop
FN:8,(anonymous_1)
FN:27,(anonymous_2)
FNF:3
FNH:2
FNDA:0,noop
FNDA:1,(anonymous_1)
FNDA:1,(anonymous_2)
DA:3,1
DA:8,1
DA:13,1
DA:27,1
DA:32,1
LF:5
LH:5
BRDA:13,0,0,1
BRDA:32,1,0,1
BRF:2
BRH:2
end_of_record
TN:
SF:/Users/yudayu/hx-ui/src/common/helpers/validator/language/chinese.js
FNF:0
FNH:0
LF:0
LH:0
BRF:0
BRH:0
end_of_record
TN:
SF:/Users/yudayu/hx-ui/src/common/helpers/validator/language/english.js
FNF:0
FNH:0
LF:0
LH:0
BRF:0
BRH:0
end_of_record
TN:
SF:/Users/yudayu/hx-ui/src/components/input/componentExtender.js
FN:3,componentExtender
FNF:1
FNH:0
FNDA:0,componentExtender
DA:8,0
LF:1
LH:0
BRDA:3,0,0,0
BRF:1
BRH:0
end_of_record
TN:
SF:/Users/yudayu/hx-ui/src/components/input/customInput/HxInputFoundation.vue
FN:47,(anonymous_0)
FN:50,(anonymous_1)
FN:58,(anonymous_2)
FN:66,(anonymous_3)
FN:174,(anonymous_4)
FN:199,(anonymous_5)
FN:203,(anonymous_6)
FN:206,(anonymous_7)
FNF:8
FNH:0
FNDA:0,(anonymous_0)
FNDA:0,(anonymous_1)
FNDA:0,(anonymous_2)
FNDA:0,(anonymous_3)
FNDA:0,(anonymous_4)
FNDA:0,(anonymous_5)
FNDA:0,(anonymous_6)
FNDA:0,(anonymous_7)
DA:47,1
DA:50,0
DA:87,0
DA:90,0
DA:93,0
DA:95,0
DA:97,0
DA:137,0
DA:142,0
DA:146,0
DA:152,0
DA:156,0
DA:160,0
DA:165,0
DA:167,0
DA:168,0
DA:169,0
DA:170,0
DA:174,0
DA:175,0
DA:176,0
DA:178,0
DA:179,0
DA:180,0
DA:181,0
DA:182,0
DA:188,0
DA:189,0
DA:190,0
DA:192,0
DA:197,0
DA:198,0
DA:199,0
DA:200,0
DA:204,0
DA:205,0
DA:206,0
DA:207,0
DA:208,0
DA:209,0
DA:210,0
DA:211,0
DA:212,0
DA:213,0
DA:215,0
DA:220,0
DA:221,0
DA:227,0
DA:231,0
DA:232,0
LF:50
LH:1
BRDA:90,0,0,0
BRDA:90,0,1,0
BRDA:93,1,0,0
BRDA:93,1,1,0
BRDA:93,2,0,0
BRDA:93,2,1,0
BRDA:93,2,2,0
BRDA:137,3,0,0
BRDA:137,3,1,0
BRDA:137,4,0,0
BRDA:137,4,1,0
BRDA:146,5,0,0
BRDA:146,5,1,0
BRDA:147,6,0,0
BRDA:147,6,1,0
BRDA:169,7,0,0
BRDA:169,7,1,0
BRDA:179,8,0,0
BRDA:179,8,1,0
BRDA:210,9,0,0
BRDA:210,9,1,0
BRDA:220,10,0,0
BRDA:220,10,1,0
BRF:23
BRH:0
end_of_record
TN:
SF:/Users/yudayu/hx-ui/src/components/input/customInput/HxInputPhone.vue
FN:47,(anonymous_0)
FNF:1
FNH:0
FNDA:0,(anonymous_0)
DA:18,1
DA:30,0
DA:46,0
DA:47,0
DA:49,0
DA:52,0
DA:56,0
DA:57,0
DA:58,0
DA:59,0
DA:60,0
DA:61,0
DA:62,0
DA:63,0
DA:65,0
DA:71,0
LF:16
LH:1
BRDA:46,0,0,0
BRDA:46,0,1,0
BRDA:47,1,0,0
BRDA:47,1,1,0
BRDA:58,2,0,0
BRDA:58,2,1,0
BRDA:61,3,0,0
BRDA:61,3,1,0
BRDA:61,4,0,0
BRDA:61,4,1,0
BRF:10
BRH:0
end_of_record
TN:
SF:/Users/yudayu/hx-ui/src/components/input/customInput/HxInputEmail.vue
FNF:0
FNH:0
DA:19,1
DA:30,0
DA:36,0
DA:37,0
DA:38,0
DA:39,0
DA:40,0
DA:41,0
DA:43,0
DA:47,0
LF:10
LH:1
BRDA:36,0,0,0
BRDA:36,0,1,0
BRDA:39,1,0,0
BRDA:39,1,1,0
BRF:4
BRH:0
end_of_record
TN:
SF:/Users/yudayu/hx-ui/src/components/input/customInput/HxInputIdcard.vue
FNF:0
FNH:0
DA:18,1
DA:29,0
DA:35,0
DA:36,0
DA:37,0
DA:38,0
DA:39,0
DA:40,0
DA:41,0
DA:43,0
DA:47,0
LF:11
LH:1
BRDA:36,0,0,0
BRDA:36,0,1,0
BRDA:39,1,0,0
BRDA:39,1,1,0
BRDA:39,2,0,0
BRDA:39,2,1,0
BRF:6
BRH:0
end_of_record
TN:
SF:/Users/yudayu/hx-ui/src/components/input/customInput/HxInputAddress.vue
FNF:0
FNH:0
DA:18,1
DA:29,0
DA:35,0
DA:36,0
DA:37,0
DA:38,0
DA:39,0
DA:40,0
DA:41,0
DA:43,0
DA:47,0
LF:11
LH:1
BRDA:36,0,0,0
BRDA:36,0,1,0
BRDA:39,1,0,0
BRDA:39,1,1,0
BRF:4
BRH:0
end_of_record
TN:
SF:/Users/yudayu/hx-ui/src/components/input/customInput/HxInputAccount.vue
FNF:0
FNH:0
DA:19,1
DA:30,0
DA:38,0
DA:39,0
DA:41,0
DA:44,0
DA:47,0
DA:48,0
DA:49,0
DA:50,0
DA:51,0
DA:52,0
DA:53,0
DA:55,0
DA:59,0
LF:15
LH:1
BRDA:38,0,0,0
BRDA:38,0,1,0
BRDA:48,1,0,0
BRDA:48,1,1,0
BRDA:51,2,0,0
BRDA:51,2,1,0
BRF:6
BRH:0
end_of_record
TN:
SF:/Users/yudayu/hx-ui/src/components/input/customInput/HxInputAccountName.vue
FNF:0
FNH:0
DA:18,1
DA:29,0
DA:35,0
DA:36,0
DA:37,0
DA:38,0
DA:39,0
DA:40,0
DA:41,0
DA:43,0
DA:47,0
LF:11
LH:1
BRDA:36,0,0,0
BRDA:36,0,1,0
BRDA:39,1,0,0
BRDA:39,1,1,0
BRF:4
BRH:0
end_of_record
TN:
SF:/Users/yudayu/hx-ui/src/components/input/customInput/HxInputPhoneverification.vue
FNF:0
FNH:0
DA:18,1
DA:29,0
DA:35,0
DA:36,0
DA:37,0
DA:38,0
DA:39,0
DA:40,0
DA:41,0
DA:43,0
DA:47,0
DA:48,0
LF:12
LH:1
BRDA:36,0,0,0
BRDA:36,0,1,0
BRDA:39,1,0,0
BRDA:39,1,1,0
BRF:4
BRH:0
end_of_record
TN:
SF:/Users/yudayu/hx-ui/src/components/input/customInput/index.js
FNF:0
FNH:0
LF:0
LH:0
BRF:0
BRH:0
end_of_record
TN:
SF:/Users/yudayu/hx-ui/src/components/input/customInput/backup/hoc.js
FN:1,hoc
FN:2,(anonymous_1)
FN:15,(anonymous_2)
FN:17,(anonymous_3)
FN:18,(anonymous_4)
FNF:5
FNH:2
FNDA:1,hoc
FNDA:1,(anonymous_1)
FNDA:0,(anonymous_2)
FNDA:0,(anonymous_3)
FNDA:0,(anonymous_4)
DA:2,1
DA:3,1
DA:5,1
DA:6,0
DA:9,1
DA:16,0
DA:17,0
DA:19,0
DA:20,0
DA:22,0
LF:10
LH:4
BRDA:5,0,0,0
BRDA:5,0,1,1
BRDA:15,1,0,1
BRDA:15,1,1,1
BRF:4
BRH:3
end_of_record
TN:
SF:/Users/yudayu/hx-ui/src/components/input/customInput/backup/bindingStatusInput.js
FN:4,(anonymous_0)
FN:7,(anonymous_1)
FN:15,(anonymous_2)
FN:23,(anonymous_3)
FN:37,(anonymous_4)
FN:41,(anonymous_5)
FN:44,(anonymous_6)
FN:84,(anonymous_7)
FN:98,(anonymous_8)
FN:99,(anonymous_9)
FNF:10
FNH:0
FNDA:0,(anonymous_0)
FNDA:0,(anonymous_1)
FNDA:0,(anonymous_2)
FNDA:0,(anonymous_3)
FNDA:0,(anonymous_4)
FNDA:0,(anonymous_5)
FNDA:0,(anonymous_6)
FNDA:0,(anonymous_7)
FNDA:0,(anonymous_8)
FNDA:0,(anonymous_9)
DA:4,1
DA:7,0
DA:37,1
DA:38,0
DA:39,0
DA:41,1
DA:42,0
DA:44,1
DA:45,0
DA:46,0
DA:48,0
DA:58,0
DA:62,0
DA:65,0
DA:67,0
DA:69,0
DA:76,0
DA:84,0
DA:85,0
DA:86,0
DA:87,0
DA:88,0
DA:91,0
DA:93,0
DA:94,0
DA:95,0
DA:98,0
DA:99,0
LF:28
LH:4
BRDA:45,0,0,0
BRDA:45,0,1,0
BRDA:46,1,0,0
BRDA:46,1,1,0
BRDA:62,2,0,0
BRDA:62,2,1,0
BRDA:65,3,0,0
BRDA:65,3,1,0
BRDA:65,4,0,0
BRDA:65,4,1,0
BRDA:65,4,2,0
BRDA:76,5,0,0
BRDA:76,5,1,0
BRF:13
BRH:0
end_of_record
TN:
SF:/Users/yudayu/hx-ui/src/components/input/customInput/backup/HxInputPhone.vue
FN:80,(anonymous_0)
FNF:1
FNH:0
FNDA:0,(anonymous_0)
DA:29,1
DA:42,0
DA:80,0
DA:83,0
DA:84,0
DA:85,0
DA:86,0
DA:87,0
DA:88,0
DA:90,0
DA:94,0
DA:95,0
LF:12
LH:1
BRDA:80,0,0,0
BRDA:80,0,1,0
BRDA:83,1,0,0
BRDA:83,1,1,0
BRDA:86,2,0,0
BRDA:86,2,1,0
BRDA:86,3,0,0
BRDA:86,3,1,0
BRDA:95,4,0,0
BRDA:95,4,1,0
BRF:10
BRH:0
end_of_record
TN:
SF:/Users/yudayu/hx-ui/src/components/input/input-check.vue
FNF:0
FNH:0
DA:58,1
DA:59,1
DA:60,1
DA:61,1
DA:113,0
DA:142,0
DA:143,0
DA:144,0
DA:145,0
DA:147,0
DA:148,0
DA:149,0
DA:150,0
DA:151,0
DA:152,0
DA:153,0
DA:154,0
DA:155,0
DA:157,0
DA:159,0
DA:166,0
DA:169,0
DA:170,0
DA:172,0
DA:175,0
DA:178,0
DA:179,0
DA:182,0
DA:190,0
DA:192,0
DA:194,0
DA:195,0
DA:196,0
DA:197,0
DA:198,0
DA:199,0
DA:200,0
DA:205,0
DA:206,0
DA:208,0
DA:211,0
DA:212,0
DA:213,0
DA:214,0
DA:215,0
DA:216,0
DA:217,0
DA:218,0
DA:220,0
DA:221,0
DA:222,0
DA:224,0
DA:225,0
DA:226,0
DA:227,0
DA:229,0
DA:230,0
DA:231,0
DA:233,0
DA:234,0
DA:238,0
DA:239,0
DA:240,0
DA:241,0
DA:242,0
DA:243,0
DA:244,0
DA:245,0
DA:247,0
DA:248,0
DA:249,0
DA:251,0
DA:252,0
DA:253,0
DA:254,0
DA:256,0
DA:257,0
DA:258,0
DA:260,0
DA:261,0
DA:264,0
DA:265,0
DA:266,0
DA:267,0
DA:276,0
DA:283,0
DA:291,0
DA:292,0
DA:294,0
DA:298,0
DA:299,0
DA:301,0
DA:306,0
DA:307,0
DA:308,0
DA:309,0
DA:311,0
DA:312,0
DA:313,0
DA:314,0
DA:315,0
DA:316,0
DA:321,0
DA:322,0
DA:324,0
DA:325,0
DA:326,0
DA:328,0
DA:329,0
DA:331,0
DA:332,0
DA:335,0
DA:336,0
DA:339,0
DA:340,0
DA:341,0
DA:342,0
DA:343,0
DA:344,0
DA:345,0
DA:346,0
DA:347,0
DA:348,0
DA:355,0
DA:356,0
DA:357,0
DA:358,0
DA:359,0
DA:360,0
DA:361,0
DA:363,0
DA:364,0
DA:365,0
DA:368,0
DA:369,0
DA:370,0
DA:371,0
DA:374,0
DA:375,0
DA:376,0
DA:380,0
DA:381,0
DA:382,0
DA:387,0
DA:389,0
DA:390,0
DA:391,0
DA:392,0
DA:393,0
DA:394,0
DA:396,0
DA:397,0
DA:398,0
DA:400,0
DA:401,0
DA:402,0
DA:403,0
DA:405,0
DA:406,0
DA:407,0
DA:410,0
DA:411,0
DA:412,0
DA:419,0
DA:420,0
DA:421,0
DA:422,0
DA:429,0
DA:430,0
DA:431,0
DA:432,0
DA:433,0
DA:435,0
DA:436,0
DA:437,0
DA:439,0
DA:440,0
LF:177
LH:4
BRDA:144,0,0,0
BRDA:144,0,1,0
BRDA:144,1,0,0
BRDA:144,1,1,0
BRDA:144,1,2,0
BRDA:147,2,0,0
BRDA:147,2,1,0
BRDA:150,3,0,0
BRDA:150,3,1,0
BRDA:153,4,0,0
BRDA:153,4,1,0
BRDA:166,5,0,0
BRDA:166,5,1,0
BRDA:166,5,2,0
BRDA:169,6,0,0
BRDA:169,6,1,0
BRDA:169,7,0,0
BRDA:169,7,1,0
BRDA:175,8,0,0
BRDA:175,8,1,0
BRDA:175,8,2,0
BRDA:179,9,0,0
BRDA:179,9,1,0
BRDA:182,10,0,0
BRDA:182,10,1,0
BRDA:192,11,0,0
BRDA:192,11,1,0
BRDA:194,12,0,0
BRDA:194,12,1,0
BRDA:195,13,0,0
BRDA:195,13,1,0
BRDA:197,14,0,0
BRDA:197,14,1,0
BRDA:199,15,0,0
BRDA:199,15,1,0
BRDA:205,16,0,0
BRDA:205,16,1,0
BRDA:205,17,0,0
BRDA:205,17,1,0
BRDA:214,18,0,0
BRDA:214,18,1,0
BRDA:215,19,0,0
BRDA:215,19,1,0
BRDA:224,20,0,0
BRDA:224,20,1,0
BRDA:233,21,0,0
BRDA:233,21,1,0
BRDA:238,22,0,0
BRDA:238,22,1,0
BRDA:241,23,0,0
BRDA:241,23,1,0
BRDA:242,24,0,0
BRDA:242,24,1,0
BRDA:251,25,0,0
BRDA:251,25,1,0
BRDA:260,26,0,0
BRDA:260,26,1,0
BRDA:264,27,0,0
BRDA:264,27,1,0
BRDA:266,28,0,0
BRDA:266,28,1,0
BRDA:266,29,0,0
BRDA:266,29,1,0
BRDA:291,30,0,0
BRDA:291,30,1,0
BRDA:298,31,0,0
BRDA:298,31,1,0
BRDA:308,32,0,0
BRDA:308,32,1,0
BRDA:315,33,0,0
BRDA:315,33,1,0
BRDA:315,34,0,0
BRDA:315,34,1,0
BRDA:321,35,0,0
BRDA:321,35,1,0
BRDA:324,36,0,0
BRDA:324,36,1,0
BRDA:328,37,0,0
BRDA:328,37,1,0
BRDA:340,38,0,0
BRDA:340,38,1,0
BRDA:345,39,0,0
BRDA:345,39,1,0
BRDA:347,40,0,0
BRDA:347,40,1,0
BRDA:356,41,0,0
BRDA:356,41,1,0
BRDA:356,42,0,0
BRDA:356,42,1,0
BRDA:357,43,0,0
BRDA:357,43,1,0
BRDA:358,44,0,0
BRDA:358,44,1,0
BRDA:368,45,0,0
BRDA:368,45,1,0
BRDA:389,46,0,0
BRDA:389,46,1,0
BRDA:389,47,0,0
BRDA:389,47,1,0
BRDA:390,48,0,0
BRDA:390,48,1,0
BRDA:391,49,0,0
BRDA:391,49,1,0
BRDA:400,50,0,0
BRDA:400,50,1,0
BRDA:430,51,0,0
BRDA:430,51,1,0
BRDA:439,52,0,0
BRDA:439,52,1,0
BRF:109
BRH:0
end_of_record
TN:
SF:/Users/yudayu/hx-ui/src/hx/components/input/index.js
FNF:0
FNH:0
DA:21,1
DA:22,1
DA:23,1
DA:24,1
DA:25,1
DA:26,1
DA:27,1
DA:28,1
LF:8
LH:8
BRF:0
BRH:0
end_of_record
TN:
SF:/Users/yudayu/hx-ui/src/modules/HxInputAccount/index.js
FN:3,(anonymous_0)
FNF:1
FNH:0
FNDA:0,(anonymous_0)
DA:3,1
DA:4,0
LF:2
LH:1
BRF:0
BRH:0
end_of_record
TN:
SF:/Users/yudayu/hx-ui/src/modules/HxInputAccountName/index.js
FN:3,(anonymous_0)
FNF:1
FNH:0
FNDA:0,(anonymous_0)
DA:3,1
DA:4,0
LF:2
LH:1
BRF:0
BRH:0
end_of_record
TN:
SF:/Users/yudayu/hx-ui/src/modules/HxInputAddress/index.js
FN:3,(anonymous_0)
FNF:1
FNH:0
FNDA:0,(anonymous_0)
DA:3,1
DA:4,0
LF:2
LH:1
BRF:0
BRH:0
end_of_record
TN:
SF:/Users/yudayu/hx-ui/src/modules/HxInputEmail/index.js
FN:3,(anonymous_0)
FNF:1
FNH:0
FNDA:0,(anonymous_0)
DA:3,1
DA:4,0
LF:2
LH:1
BRF:0
BRH:0
end_of_record
TN:
SF:/Users/yudayu/hx-ui/src/modules/HxInputIdcard/index.js
FN:3,(anonymous_0)
FNF:1
FNH:0
FNDA:0,(anonymous_0)
DA:3,1
DA:4,0
LF:2
LH:1
BRF:0
BRH:0
end_of_record
TN:
SF:/Users/yudayu/hx-ui/src/modules/HxInputPhone/index.js
FN:3,(anonymous_0)
FNF:1
FNH:0
FNDA:0,(anonymous_0)
DA:3,1
DA:4,0
LF:2
LH:1
BRF:0
BRH:0
end_of_record
TN:
SF:/Users/yudayu/hx-ui/src/modules/HxInputVerification/index.js
FN:3,(anonymous_0)
FNF:1
FNH:0
FNDA:0,(anonymous_0)
DA:3,1
DA:4,0
LF:2
LH:1
BRF:0
BRH:0
end_of_record
TN:
SF:/Users/yudayu/hx-ui/src/modules/better-scroll/index.js
FNF:0
FNH:0
LF:0
LH:0
BRF:0
BRH:0
end_of_record
TN:
SF:/Users/yudayu/hx-ui/src/modules/create-api/index.js
FNF:0
FNH:0
LF:0
LH:0
BRF:0
BRH:0
end_of_record
TN:
SF:/Users/yudayu/hx-ui/src/modules/radio-group/index.js
FN:4,(anonymous_0)
FNF:1
FNH:1
FNDA:1,(anonymous_0)
DA:4,1
DA:5,1
DA:6,1
DA:9,1
LF:4
LH:4
BRF:0
BRH:0
end_of_record
TN:
SF:/Users/yudayu/hx-ui/src/modules/style/index.js
FNF:0
FNH:0
LF:0
LH:0
BRF:0
BRH:0
end_of_record
